# Preference setting overrides
gui_create_pref_key -category {Globals} -key {load_detail_for_funcov} -value_type {bool} -value {false}

# State setting overrides
gui_state_default_create -off -ini
gui_set_state_value -category Globals -key recent_cov_databases -value /home/qst/SjhWorkSpace/ASIC/vcs_aftersyn/des_top.vdb
gui_set_state_value -category Globals -key recent_databases -value {{gui_open_db -file /home/qst/workspace2105/aes/vcs/aestop.vpd -design V1}}
gui_set_state_value -category Layout -key child_console_size_x -value 1438
gui_set_state_value -category Layout -key child_console_size_y -value 176
gui_set_state_value -category Layout -key child_covdetail_docknewline -value false
gui_set_state_value -category Layout -key child_covdetail_pos_x -value {-2}
gui_set_state_value -category Layout -key child_covdetail_pos_y -value {-15}
gui_set_state_value -category Layout -key child_covdetail_size_x -value 1084
gui_set_state_value -category Layout -key child_covdetail_size_y -value 408
gui_set_state_value -category Layout -key child_coveragetable_docknewline -value false
gui_set_state_value -category Layout -key child_coveragetable_pos_x -value {-2}
gui_set_state_value -category Layout -key child_coveragetable_pos_y -value {-15}
gui_set_state_value -category Layout -key child_coveragetable_size_x -value 1084
gui_set_state_value -category Layout -key child_coveragetable_size_y -value 408
gui_set_state_value -category Layout -key child_data_size_x -value 165
gui_set_state_value -category Layout -key child_data_size_y -value 564
gui_set_state_value -category Layout -key child_hier_col3 -value {-1}
gui_set_state_value -category Layout -key child_hier_colpd -value 0
gui_set_state_value -category Layout -key child_hier_size_x -value 165
gui_set_state_value -category Layout -key child_hier_size_y -value 564
gui_set_state_value -category Layout -key child_source_docknewline -value false
gui_set_state_value -category Layout -key child_source_pos_x -value {-2}
gui_set_state_value -category Layout -key child_source_pos_y -value {-17}
gui_set_state_value -category Layout -key child_source_size_x -value 1111
gui_set_state_value -category Layout -key child_source_size_y -value 560
gui_set_state_value -category Layout -key child_wave_colname -value 207
gui_set_state_value -category Layout -key child_wave_colvalue -value 206
gui_set_state_value -category Layout -key child_wave_left -value 417
gui_set_state_value -category Layout -key child_wave_right -value 1017
gui_set_state_value -category Layout -key cov_main_pos_x -value 0
gui_set_state_value -category Layout -key cov_main_pos_y -value 23
gui_set_state_value -category Layout -key cov_main_size_x -value 1279
gui_set_state_value -category Layout -key cov_main_size_y -value 719
gui_set_state_value -category Layout -key main_pos_x -value 13
gui_set_state_value -category Layout -key main_pos_y -value 49
gui_set_state_value -category Layout -key main_size_x -value 1451
gui_set_state_value -category Layout -key main_size_y -value 903
gui_set_state_value -category Layout -key stand_wave_child_docknewline -value false
gui_set_state_value -category Layout -key stand_wave_child_pos_x -value {-2}
gui_set_state_value -category Layout -key stand_wave_child_pos_y -value {-17}
gui_set_state_value -category Layout -key stand_wave_child_size_x -value 1444
gui_set_state_value -category Layout -key stand_wave_child_size_y -value 737
gui_set_state_value -category Layout -key stand_wave_top_pos_x -value 11
gui_set_state_value -category Layout -key stand_wave_top_pos_y -value 53
gui_set_state_value -category Layout -key stand_wave_top_size_x -value 1450
gui_set_state_value -category Layout -key stand_wave_top_size_y -value 908
gui_create_state_key -category FindDialog -key m_pMatchCase -value_type bool -value false
gui_create_state_key -category FindDialog -key m_pMatchWord -value_type bool -value false
gui_create_state_key -category FindDialog -key m_pUseCombo -value_type string -value {}
gui_create_state_key -category FindDialog -key m_pWrapAround -value_type bool -value true
gui_create_state_key -category Layout_CoverageTable_covtblFGroupsList -key names -value_type string -value {Group,    , ,  ,   ,Score,}
gui_create_state_key -category Layout_CoverageTable_covtblFGroupsList -key orders -value_type string -value 4,0,1,2,3,5,
gui_create_state_key -category Layout_CoverageTable_covtblFGroupsList -key widths -value_type string -value 220,0,25,0,0,125,
gui_create_state_key -category Layout_CoverageTable_covtblInstancesList -key names -value_type string -value {Name,    , ,  ,   ,Score,Line,Toggle,FSM,Condition,Branch,}
gui_create_state_key -category Layout_CoverageTable_covtblInstancesList -key orders -value_type string -value 4,0,1,2,3,5,6,7,8,9,10,
gui_create_state_key -category Layout_CoverageTable_covtblInstancesList -key widths -value_type string -value 220,0,25,0,0,125,125,125,125,125,125,
gui_create_state_key -category Layout_CoverageTable_covtblModulesList -key names -value_type string -value {Name,    , ,  ,   ,Score,Line,Toggle,FSM,Condition,Branch,}
gui_create_state_key -category Layout_CoverageTable_covtblModulesList -key orders -value_type string -value 4,0,1,2,3,5,6,7,8,9,10,
gui_create_state_key -category Layout_CoverageTable_covtblModulesList -key widths -value_type string -value 220,0,25,0,0,125,125,125,125,125,125,
gui_create_state_key -category Layout_CovDetail_lnListView -key names -value_type string -value Category,Coverage,
gui_create_state_key -category Layout_CovDetail_lnListView -key orders -value_type string -value 0,1,
gui_create_state_key -category Layout_CovDetail_lnListView -key widths -value_type string -value 111,125,
gui_create_state_key -category Layout_CovDetail_tglListView -key names -value_type string -value {Variable, ,  ,   ,Type,Coverage,Display,}
gui_create_state_key -category Layout_CovDetail_tglListView -key orders -value_type string -value 3,0,1,2,4,5,6,
gui_create_state_key -category Layout_CovDetail_tglListView -key widths -value_type string -value 140,25,0,0,50,125,333,
gui_create_state_key -category Layout_CovDetail_tglDetailListView -key names -value_type string -value {Variable, ,  ,   ,0->1,1->0,}
gui_create_state_key -category Layout_CovDetail_tglDetailListView -key orders -value_type string -value 3,0,1,2,4,5,
gui_create_state_key -category Layout_CovDetail_tglDetailListView -key widths -value_type string -value 140,25,0,0,50,50,
gui_create_state_key -category Layout_CovDetail_fsmListView -key names -value_type string -value {FSM, ,  ,   ,State,Transition,Sequence,}
gui_create_state_key -category Layout_CovDetail_fsmListView -key orders -value_type string -value 3,0,1,2,5,4,6,
gui_create_state_key -category Layout_CovDetail_fsmListView -key widths -value_type string -value 66,25,0,0,125,125,125,
gui_create_state_key -category Layout_CovDetail_fsmlist -key names -value_type string -value {Coverage, ,  ,   ,Transition,}
gui_create_state_key -category Layout_CovDetail_fsmlist -key orders -value_type string -value 3,0,1,2,4,
gui_create_state_key -category Layout_CovDetail_fsmlist -key widths -value_type string -value 125,25,0,0,70,
gui_create_state_key -category Layout_CovDetail_cndListView -key names -value_type string -value {Expression, ,  ,   ,ID,Coverage,Line No.,}
gui_create_state_key -category Layout_CovDetail_cndListView -key orders -value_type string -value 3,0,1,2,4,5,6,
gui_create_state_key -category Layout_CovDetail_cndListView -key widths -value_type string -value 320,25,0,0,0,125,63,
gui_create_state_key -category Layout_CovDetail_brListView -key names -value_type string -value {Name, ,  ,   ,Coverage,Line No.,}
gui_create_state_key -category Layout_CovDetail_brListView -key orders -value_type string -value 3,0,1,2,4,5,
gui_create_state_key -category Layout_CovDetail_brListView -key widths -value_type string -value 100,25,0,0,125,63,
gui_create_state_key -category Layout_CovDetail_designAssertListView -key names -value_type string -value {Assert Name,    , ,  ,   ,Attempts,Real Successes,Failures,Incompletes,Category,Severity,}
gui_create_state_key -category Layout_CovDetail_designAssertListView -key orders -value_type string -value 4,0,1,2,3,5,6,7,8,9,10,
gui_create_state_key -category Layout_CovDetail_designAssertListView -key widths -value_type string -value 110,0,25,0,0,63,106,61,82,67,62,
gui_create_state_key -category Layout_CovDetail_codeMiddleSplitter -key value1 -value_type integer -value 395
gui_create_state_key -category Layout_CovDetail_codeMiddleSplitter -key value2 -value_type integer -value 659
gui_create_state_key -category Layout_CovDetail_cndSplitter -key value1 -value_type integer -value 180
gui_create_state_key -category Layout_CovDetail_cndSplitter -key value2 -value_type integer -value 874
gui_create_state_key -category Layout_CovDetail_covGrpInsListView -key names -value_type string -value {Cover Group Item,    , ,  ,   ,Definition,Score,Goal,Weight,At Least,Per Instance,Overlap,Auto Bin Max,Print Missing,Comment,}
gui_create_state_key -category Layout_CovDetail_covGrpInsListView -key orders -value_type string -value 4,0,1,2,3,5,6,7,8,9,10,11,12,13,14,
gui_create_state_key -category Layout_CovDetail_covGrpInsListView -key widths -value_type string -value 137,0,25,0,0,68,125,30,42,50,74,0,80,76,55,
gui_create_state_key -category Layout_CovDetail_covGrpDefListView -key names -value_type string -value {Cover Group Item,    , ,  ,   ,Score,Goal,Weight,At Least,Per Instance,Overlap,Auto Bin Max,Print Missing,Comment,}
gui_create_state_key -category Layout_CovDetail_covGrpDefListView -key orders -value_type string -value 4,0,1,2,3,5,6,7,8,9,10,11,12,13,
gui_create_state_key -category Layout_CovDetail_covGrpDefListView -key widths -value_type string -value 137,0,25,0,0,125,30,42,50,74,0,80,76,55,
gui_create_state_key -category Layout_CovDetail_m_CovGrpTable -key names -value_type string -value {Bin Name,    , ,  ,   ,Status,Cross,At Least,Size,Hit Count,}
gui_create_state_key -category Layout_CovDetail_m_CovGrpTable -key orders -value_type string -value 5,0,1,2,3,4,6,7,8,9,
gui_create_state_key -category Layout_CovDetail_m_CovGrpTable -key widths -value_type string -value 93,0,25,0,0,150,0,62,40,68,
gui_create_state_key -category {Layout_CovDetail_assertion list} -key names -value_type string -value {Instance,    , ,  ,   ,Assert Name,Attempts,Real Successes,Failures,Incompletes,Category,Severity,}
gui_create_state_key -category {Layout_CovDetail_assertion list} -key orders -value_type string -value 4,0,1,2,3,5,6,7,8,9,10,11,
gui_create_state_key -category {Layout_CovDetail_assertion list} -key widths -value_type string -value 86,0,25,0,0,87,63,106,110,82,67,62,
gui_create_state_key -category Layout_CovDetail_funMiddleSplitter -key value1 -value_type integer -value 32
gui_create_state_key -category Layout_CovDetail_funMiddleSplitter -key value2 -value_type integer -value 52
gui_create_state_key -category Layout_CovDetail_splitterWithPrefVal -key value1 -value_type integer -value 180
gui_create_state_key -category Layout_CovDetail_splitterWithPrefVal -key value2 -value_type integer -value 196
gui_state_default_create -off

# Begin command logging
gui_sim_run Ucli -exe ./aestop -args {-ucligui  -l simv.log} -dir .
gui_list_select -id Data.1 -selected  { {aestop_tb2.dout[7:0]}   }
gui_list_select -id Data.1 -selected  { {aestop_tb2.dout[7:0]}  {aestop_tb2.din[7:0]}  aestop_tb2.clk  aestop_tb2.rst  aestop_tb2.staenc  aestop_tb2.stadec  aestop_tb2.load_shift  aestop_tb2.loadkey   }
gui_open_window Wave
gui_list_add -id Wave.1 -from Data.1 { {aestop_tb2.dout[7:0]} {aestop_tb2.din[7:0]} aestop_tb2.clk aestop_tb2.rst aestop_tb2.staenc aestop_tb2.stadec aestop_tb2.load_shift aestop_tb2.loadkey } -insertionbar
gui_sim_continue  
gui_wv_zoom_timerange -id  Wave.1 1181834 1182128
gui_wv_zoom_timerange -id  Wave.1 1181834 1181880
gui_wv_zoom_timerange -id  Wave.1 1181834 1181884
gui_open_window Wave
gui_list_add -id Wave.2 -from Data.1 { {aestop_tb2.dout[7:0]} {aestop_tb2.din[7:0]} aestop_tb2.clk aestop_tb2.rst aestop_tb2.staenc aestop_tb2.stadec aestop_tb2.load_shift aestop_tb2.loadkey } -insertionbar
gui_wv_scroll_hslidermove -id  Wave.2 147
gui_wv_scroll_hslidermove -id  Wave.2 294
gui_wv_scroll_hslidermove -id  Wave.2 1323
gui_wv_scroll_hslidermove -id  Wave.2 1764
gui_wv_scroll_hslidermove -id  Wave.2 2205
gui_wv_scroll_hslidermove -id  Wave.2 2499
gui_wv_scroll_hslidermove -id  Wave.2 2793
gui_wv_scroll_hslidermove -id  Wave.2 3234
gui_wv_scroll_hslidermove -id  Wave.2 4704
gui_wv_scroll_hslidermove -id  Wave.2 5145
gui_wv_scroll_hslidermove -id  Wave.2 5439
gui_wv_scroll_hslidermove -id  Wave.2 5586
gui_wv_scroll_hslidermove -id  Wave.2 6174
gui_wv_scroll_hslidermove -id  Wave.2 6615
gui_wv_scroll_hslidermove -id  Wave.2 7056
gui_wv_scroll_hslidermove -id  Wave.2 7644
gui_wv_scroll_hslidermove -id  Wave.2 8085
gui_wv_scroll_hslidermove -id  Wave.2 8526
gui_wv_scroll_hslidermove -id  Wave.2 8673
gui_wv_scroll_hslidermove -id  Wave.2 8967
gui_wv_scroll_hslidermove -id  Wave.2 9555
gui_wv_scroll_hslidermove -id  Wave.2 9996
gui_wv_scroll_hslidermove -id  Wave.2 10437
gui_wv_scroll_hslidermove -id  Wave.2 10584
gui_wv_scroll_hslidermove -id  Wave.2 11025
gui_zoom -window Wave.2 -factor 0.5
gui_zoom -window Wave.2 -factor 0.5
gui_zoom -window Wave.2 -factor 0.5
gui_zoom -window Wave.2 -factor 0.5
gui_zoom -window Wave.2 -factor 0.5
gui_zoom -window Wave.2 -factor 0.5
gui_zoom -window Wave.2 -factor 0.5
gui_zoom -window Wave.2 -factor 0.5
gui_zoom -window Wave.2 -factor 0.5
gui_zoom -window Wave.2 -factor 0.5
gui_wv_scroll_hslidermove -id  Wave.2 0
gui_wv_scroll_hslidermove -id  Wave.2 305
gui_list_select -id Wave.2 -selected  { aestop_tb2.staenc   }
gui_wv_scroll_hslidermove -id  Wave.2 880
gui_wv_scroll_hslidermove -id  Wave.2 1278
gui_marker_move -id  Wave.2 C1 537941
gui_marker_move -id  Wave.2 C1 483328
gui_marker_select -id  Wave.2 { C1 }
gui_marker_move -id  Wave.2 C1 471723
gui_marker_move -id  Wave.2 C1 482000
gui_marker_move -id  Wave.2 C1 584363
gui_marker_move -id  Wave.2 C1 482000
gui_wv_scroll_hslidermove -id  Wave.2 2467
gui_wv_scroll_hslidermove -id  Wave.2 2467
gui_list_select -id Wave.2 -selected  {  }
gui_wv_zoom_timerange -id  Wave.2 842069 1068714
gui_wv_zoom_timerange -id  Wave.2 842069 1068373
gui_wv_zoom_timerange -id  Wave.2 842069 1060864
gui_wv_zoom_timerange -id  Wave.2 842069 1025365
gui_wv_zoom_timerange -id  Wave.2 842069 1011712
gui_wv_zoom_timerange -id  Wave.2 842069 1005568
gui_wv_zoom_timerange -id  Wave.2 842069 1002837
gui_wv_zoom_timerange -id  Wave.2 842069 1002837
gui_wv_zoom_timerange -id  Wave.2 842069 993621
gui_wv_zoom_timerange -id  Wave.2 842069 989184
gui_wv_zoom_timerange -id  Wave.2 842069 1040725
gui_wv_scroll_hslidermove -id  Wave.2 2881
gui_wv_zoom_timerange -id  Wave.2 983381 1187840
gui_wv_scroll_hslidermove -id  Wave.2 2815
gui_wv_zoom_timerange -id  Wave.2 960853 1274538
gui_wv_zoom_timerange -id  Wave.2 960853 1289216
gui_wv_zoom_timerange -id  Wave.2 960853 1296384
gui_wv_scroll_hslidermove -id  Wave.2 2480
gui_wv_zoom_timerange -id  Wave.2 846507 1043456
gui_wv_zoom_timerange -id  Wave.2 846507 1160875
gui_wv_scroll_hslidermove -id  Wave.2 2542
gui_wv_zoom_timerange -id  Wave.2 867669 1180330
gui_wv_zoom_timerange -id  Wave.2 867669 1155413
gui_wv_zoom_timerange -id  Wave.2 867669 1155072
gui_wv_zoom_timerange -id  Wave.2 867669 1154389
gui_wv_zoom_timerange -id  Wave.2 867669 1142784
gui_wv_zoom_timerange -id  Wave.2 867669 1114453
gui_wv_zoom_timerange -id  Wave.2 867669 1114112
gui_wv_zoom_timerange -id  Wave.2 867669 1109333
gui_wv_zoom_timerange -id  Wave.2 867669 1107626
gui_wv_zoom_timerange -id  Wave.2 867669 1107968
gui_wv_zoom_timerange -id  Wave.2 867669 1111040
gui_wv_zoom_timerange -id  Wave.2 867669 1111381
gui_wv_scroll_hslidermove -id  Wave.2 2749
gui_marker_move -id  Wave.2 C1 1018880
gui_marker_move -id  Wave.2 C1 993963
gui_marker_move -id  Wave.2 C1 1047552
gui_marker_move -id  Wave.2 C1 983040
gui_marker_move -id  Wave.2 C1 980651
gui_marker_move -id  Wave.2 C1 1020245
gui_marker_move -id  Wave.2 C1 979285
gui_marker_move -id  Wave.2 C1 982016
gui_zoom -window Wave.2 -full
gui_close_window -window TopLevel.3
gui_close_window -window TopLevel.1
