\o Program:		@(#)$CDS: libManager version 6.1.7 - CAT35 01/28/2016 23:41 (sjfnl179) $
\o Sub version:		sub-version  IC6.1.7 - CAT35.15s004 
\o Arguments:		-unmapped -mpssession virtuoso31005 -mpshost cad09 
\o Working Directory:	cad09:/home/qst/workspace2105/aes/virtouso
\o 64-bit offsets
\o Qt version: 		4.8.5
\o changeWorkingDir("/home/qst/workspace2105/aes/virtouso") unnecessary.
\o ddSetForcedLib("") unnecessary.
\o Log file is "/home/qst/workspace2105/aes/virtouso/libManager.log".
\o Opening libManager window.
\a nrSetWindowVisibility(cdsLibManager "show")
\o MPS service: map window
\o Library Manager customization server connected.
\a nrSetCurrentWindow(cdsLibManager)
\w Warning: The directory: '/home/qst/linshi/gqd' does not exist
\w 	but was defined in libFile '/home/qst/cds.lib' for Lib 'gqd'.
\w Warning: The directory: '/home/qst/linshi/linshi' does not exist
\w 	but was defined in libFile '/home/qst/cds.lib' for Lib 'linshi'.
\w Warning: ddUpdateLibList: It appears that you are trying to run an OA executable on CDB data. Library 'smic18mmrf' contains file '/home/qst/Gengqd/SMIC_018_MMRF/smic18mmrf/prop.xx' which is CDB data. If this is an OA library, this file needs to be removed. If this is a CDB library, use cdb2oa to convert your data from CDB to OA and then try again.
\a nrResizeWindow(cdsLibManager list(252 139 735 500))
\a cdsLibManager->libListBox->value = nil
\a cdsLibManager->libListBox->value = nil
\a cdsLibManager->libListBox->value = nil
\a cdsLibManager->libListBox->value = "rfExamples"
\a cdsLibManager->libListBox->value = "rfLib"
\a cdsLibManager->libListBox->value = nil
\a cdsLibManager->libListBox->value = nil
\a cdsLibManager->libListBox->value = nil
\a _lmgrCloseIconify("cdsLibManager" 1)
\a cdsLibManager->libListBox->value = nil
\a cdsLibManager->libLineEdit->value = ""
\a nrSetCurrentWindow(cdsLibManager)
\a nrSetCurrentWindow(cdsLibManager)
\o MPS service: shutdown
\o libManager is exiting.
\a nrSetWindowVisibility(cdsLibManager "hide")
\a exit(0)
