
Warning-[UNKWN_OPTVSIM] Unknown option passed
  Ignoring unknown option '-kdb' passed to 'vcs' and continuing compilation.

Command: vcs -sverilog +v2k -timescale=1ns/1ns -debug_all +vcs+flush+all -full64 \
-fsdb -R -kdb -cm line+cond+fsm+branch+tgl -cm_name aestop -cm_dir ./aestop.vdb +vpdfile+aestop.vpd \
-o aestop -l compile.log -f file_list.f
*** Using c compiler gcc instead of cc ...
                         Chronologic VCS (TM)
         Version I-2014.03_Full64 -- Fri Jun  4 03:38:22 2021
               Copyright (c) 1991-2014 by Synopsys Inc.
                         ALL RIGHTS RESERVED

This program is proprietary and confidential information of Synopsys Inc.
and may be used and disclosed only as authorized in a license agreement
controlling such use and disclosure.

Parsing design file 'aestop_tb2.v'
Parsing design file 'aestop.mapped.v'
Parsing design file '/home/qst/hu40nmlib/1.02a/verilog/2.1/hu40npksdst.v'
Top Level Modules:
       aestop_tb2
       SEN_ADDF42_0P5
       SEN_ADDF42_1
       SEN_ADDF42_2
       SEN_ADDF42_GY2_2
       SEN_ADDF42_GY2_3
       SEN_ADDF42_GY2_4
       SEN_ADDF42_GY2_6
       SEN_ADDF42_GY2_8
       SEN_ADDF_D_1
       SEN_ADDF_D_2
       SEN_ADDF_D_4
       SEN_ADDF_D_6
       SEN_ADDF_V1_0P5
       SEN_ADDF_V1_1
       SEN_ADDF_V1_2
       SEN_ADDF_V1_4
       SEN_ADDF_V3_1
       SEN_ADDF_V3_1P5
       SEN_ADDF_V3_2
       SEN_ADDF_V3_3
       SEN_ADDF_V3_4
       SEN_ADDFCIB_1
       SEN_ADDFCIB_2
       SEN_ADDFCOB_1
       SEN_ADDFCOB_2
       SEN_ADDFCSCIB_1
       SEN_ADDFCSCIB_2
       SEN_ADDFCSCOB_1
       SEN_ADDFCSCOB_2
       SEN_ADDH_0P5
       SEN_ADDH_1
       SEN_ADDH_2
       SEN_ADDH_4
       SEN_ADDH_D_1
       SEN_ADDH_D_2
       SEN_ADDH_D_3
       SEN_ADDH_D_4
       SEN_ADDH_D_6
       SEN_ADDHCOB_1
       SEN_ADDHCOB_2
       SEN_ADDHCSCOB_1
       SEN_ADDHCSCOB_2
       SEN_AN2_DG_24
       SEN_AN2_12
       SEN_AN2_16
       SEN_AN2_24
       SEN_AN2_DG_1
       SEN_AN2_DG_12
       SEN_AN2_DG_16
       SEN_AN2_DG_2
       SEN_AN2_DG_5
       SEN_AN2_DG_6
       SEN_AN2_DG_8
       SEN_AN2_S_1
       SEN_AN2_S_2
       SEN_AN2_S_4
       SEN_AN2_S_8
       SEN_AN2_0P65
       SEN_AN2_8
       SEN_AN3_16
       SEN_AN3_S_1
       SEN_AN3_S_2
       SEN_AN3_S_4
       SEN_AN3_S_8
       SEN_AN3_3
       SEN_AN3_4
       SEN_AN3_6
       SEN_AN3_8
       SEN_AN3B_8
       SEN_AN4_0P5
       SEN_AN4_S_1
       SEN_AN4_S_1P5
       SEN_AN4_S_2
       SEN_AN4_S_3
       SEN_AN4_S_4
       SEN_AN4_2
       SEN_AN4_4
       SEN_AN4_6
       SEN_AN4_8
       SEN_AN4B_0P5
       SEN_AN4B_8
       SEN_AN5_Y2_8
       SEN_AN5_1
       SEN_AN5_2
       SEN_AN5_4
       SEN_AN5_6
       SEN_AN6_4
       SEN_AN6_8
       SEN_AO21_DG_1
       SEN_AO21_DG_10
       SEN_AO21_DG_2
       SEN_AO21_DG_3
       SEN_AO21_DG_4
       SEN_AO21_DG_6
       SEN_AO21_DG_8
       SEN_AO21_0P65
       SEN_AO21_1
       SEN_AO21_2
       SEN_AO21_4
       SEN_AO21_8
       SEN_AO21B_12
       SEN_AO21B_16
       SEN_AO21B_6
       SEN_AO21B_8
       SEN_AO221_0P5
       SEN_AO221_1
       SEN_AO221_2
       SEN_AO221_4
       SEN_AO2222_Y2_8
       SEN_AO2222_0P65
       SEN_AO2222_1
       SEN_AO2222_2
       SEN_AO2222_4
       SEN_AO222_Y2_8
       SEN_AO222_0P65
       SEN_AO222_1
       SEN_AO222_2
       SEN_AO222_4
       SEN_AO222_6
       SEN_AO22_DG_10
       SEN_AO22_DG_2
       SEN_AO22_DG_3
       SEN_AO22_DG_4
       SEN_AO22_DG_6
       SEN_AO22_DG_8
       SEN_AO22_0P65
       SEN_AO22_2
       SEN_AO22_4
       SEN_AO22_6
       SEN_AO22_8
       SEN_AO2BB2_0P5
       SEN_AO2BB2_1
       SEN_AO2BB2_2
       SEN_AO2BB2_4
       SEN_AO2BB2_8
       SEN_AO2BB2_DG_1
       SEN_AO2BB2_DG_10
       SEN_AO2BB2_DG_2
       SEN_AO2BB2_DG_3
       SEN_AO2BB2_DG_4
       SEN_AO2BB2_DG_6
       SEN_AO2BB2_DG_8
       SEN_AO31_0P5
       SEN_AO31_4
       SEN_AO31_8
       SEN_AO32_0P5
       SEN_AO32_1
       SEN_AO32_2
       SEN_AO32_4
       SEN_AOA211_DG_1
       SEN_AOA211_DG_10
       SEN_AOA211_DG_2
       SEN_AOA211_DG_4
       SEN_AOA211_DG_8
       SEN_AOAI211_10
       SEN_AOAI211_12
       SEN_AOAI211_8
       SEN_AOAI211_G_12
       SEN_AOAI211_G_6
       SEN_AOAI211_G_8
       SEN_AOAI211_0P5
       SEN_AOAI211_G_0P5
       SEN_AOAI211_G_0P75
       SEN_AOAI211_G_1
       SEN_AOAI211_G_2
       SEN_AOAI211_G_3
       SEN_AOAI211_G_4
       SEN_AOI211_0P75
       SEN_AOI211_12
       SEN_AOI211_1P5
       SEN_AOI211_6
       SEN_AOI211_8
       SEN_AOI211_G_0P5
       SEN_AOI211_G_0P75
       SEN_AOI211_G_1
       SEN_AOI211_G_2
       SEN_AOI211_G_3
       SEN_AOI211_G_4
       SEN_AOI211_G_6
       SEN_AOI211_G_8
       SEN_AOI21_8
       SEN_AOI21_G_12
       SEN_AOI21_G_6
       SEN_AOI21_G_8
       SEN_AOI21_S_0P5
       SEN_AOI21_S_4
       SEN_AOI21_0P5
       SEN_AOI21_0P75
       SEN_AOI21_T_0P5
       SEN_AOI21_T_12
       SEN_AOI21_T_8
       SEN_AOI21_G_0P5
       SEN_AOI21_G_0P75
       SEN_AOI21_G_1
       SEN_AOI21_G_2
       SEN_AOI21_G_3
       SEN_AOI21_G_4
       SEN_AOI21B_0P5
       SEN_AOI21B_3
       SEN_AOI21B_4
       SEN_AOI221_0P5
       SEN_AOI221_1
       SEN_AOI221_2
       SEN_AOI221_4
       SEN_AOI222_0P5
       SEN_AOI222_1
       SEN_AOI222_2
       SEN_AOI222_3
       SEN_AOI222_4
       SEN_AOI222_8
       SEN_AOI22_10
       SEN_AOI22_12
       SEN_AOI22_6
       SEN_AOI22_8
       SEN_AOI22_S_0P5
       SEN_AOI22_S_1P5
       SEN_AOI22_S_2
       SEN_AOI22_S_4
       SEN_AOI22_0P5
       SEN_AOI22_0P75
       SEN_AOI22_4
       SEN_AOI22_T_0P5
       SEN_AOI22_T_3
       SEN_AOI22_T_6
       SEN_AOI22_T_8
       SEN_AOI31_12
       SEN_AOI31_6
       SEN_AOI31_8
       SEN_AOI31_G_6
       SEN_AOI31_G_8
       SEN_AOI31_0P75
       SEN_AOI31_4
       SEN_AOI31_T_2
       SEN_AOI31_T_3
       SEN_AOI31_T_4
       SEN_AOI31_T_6
       SEN_AOI31_T_8
       SEN_AOI31_G_1
       SEN_AOI31_G_2
       SEN_AOI31_G_3
       SEN_AOI31_G_4
       SEN_AOI32_1
       SEN_AOI32_2
       SEN_AOI32_4
       SEN_AOI32_8
       SEN_AOI33_1
       SEN_AOI33_2
       SEN_AOI33_4
       SEN_AOI33_6
       SEN_BENC_2
       SEN_BENC_4
       SEN_BENC_8
       SEN_BMUX_1
       SEN_BMUX_2
       SEN_BMUXI_1
       SEN_BMUXI_2
       SEN_BUF_CTEV1Y2_12
       SEN_BUF_CTEV1Y2_16
       SEN_BUF_CTEV1Y2_24
       SEN_BUF_CTEV1Y2_32
       SEN_BUF_CTEV1Y2_4
       SEN_BUF_CTEV1Y2_48
       SEN_BUF_CTEV1Y2_6
       SEN_BUF_CTEV1Y2_64
       SEN_BUF_CTEV1Y2_8
       SEN_BUF_CTEY2_12
       SEN_BUF_CTEY2_16
       SEN_BUF_CTEY2_20
       SEN_BUF_CTEY2_24
       SEN_BUF_CTEY2_32
       SEN_BUF_CTEY2_4
       SEN_BUF_CTEY2_48
       SEN_BUF_CTEY2_64
       SEN_BUF_CTEY2_8
       SEN_BUF_CTV1Y2_12
       SEN_BUF_CTV1Y2_16
       SEN_BUF_CTV1Y2_24
       SEN_BUF_CTV1Y2_32
       SEN_BUF_CTV1Y2_4
       SEN_BUF_CTV1Y2_48
       SEN_BUF_CTV1Y2_6
       SEN_BUF_CTV1Y2_64
       SEN_BUF_CTV1Y2_8
       SEN_BUF_CTY2_12
       SEN_BUF_CTY2_16
       SEN_BUF_CTY2_20
       SEN_BUF_CTY2_24
       SEN_BUF_CTY2_32
       SEN_BUF_CTY2_4
       SEN_BUF_CTY2_48
       SEN_BUF_CTY2_64
       SEN_BUF_CTY2_8
       SEN_BUF_D_1
       SEN_BUF_D_12
       SEN_BUF_D_16
       SEN_BUF_D_2
       SEN_BUF_D_3
       SEN_BUF_D_4
       SEN_BUF_D_5
       SEN_BUF_D_6
       SEN_BUF_D_8
       SEN_BUF_S_1
       SEN_BUF_S_12
       SEN_BUF_S_16
       SEN_BUF_S_1P25
       SEN_BUF_S_1P5
       SEN_BUF_S_24
       SEN_BUF_S_32
       SEN_BUF_S_6
       SEN_BUF_S_8
       SEN_BUF_12
       SEN_BUF_1P5
       SEN_BUF_20
       SEN_BUF_24
       SEN_BUF_3
       SEN_CKGTNLT_1
       SEN_CKGTNLT_12
       SEN_CKGTNLT_16
       SEN_CKGTNLT_2
       SEN_CKGTNLT_3
       SEN_CKGTNLT_4
       SEN_CKGTNLT_6
       SEN_CKGTNLT_8
       SEN_CKGTNLT_E_1
       SEN_CKGTNLT_E_12
       SEN_CKGTNLT_E_16
       SEN_CKGTNLT_E_2
       SEN_CKGTNLT_E_3
       SEN_CKGTNLT_E_4
       SEN_CKGTNLT_E_6
       SEN_CKGTNLT_E_8
       SEN_CKGTNLT_CTEY2_12
       SEN_CKGTNLT_CTEY2_16
       SEN_CKGTNLT_CTEY2_24
       SEN_CKGTNLT_CTEY2_32
       SEN_CKGTNLT_CTEY2_4
       SEN_CKGTNLT_CTEY2_6
       SEN_CKGTNLT_CTEY2_8
       SEN_CKGTNLT_CTY2_12
       SEN_CKGTNLT_CTY2_16
       SEN_CKGTNLT_CTY2_24
       SEN_CKGTNLT_CTY2_32
       SEN_CKGTNLT_CTY2_4
       SEN_CKGTNLT_CTY2_6
       SEN_CKGTNLT_CTY2_8
       SEN_CKGTPLS_V3_1
       SEN_CKGTPLS_V3_12
       SEN_CKGTPLS_V3_16
       SEN_CKGTPLS_V3_2
       SEN_CKGTPLS_V3_3
       SEN_CKGTPLS_V3_4
       SEN_CKGTPLS_V3_6
       SEN_CKGTPLS_V3_8
       SEN_CKGTPLT_V5_1
       SEN_CKGTPLT_V5_12
       SEN_CKGTPLT_V5_16
       SEN_CKGTPLT_V5_2
       SEN_CKGTPLT_V5_3
       SEN_CKGTPLT_V5_4
       SEN_CKGTPLT_V5_6
       SEN_CKGTPLT_V5_8
       SEN_CKGTPLT_CT_1
       SEN_CKGTPLT_CT_12
       SEN_CKGTPLT_CT_16
       SEN_CKGTPLT_CT_2
       SEN_CKGTPLT_CT_20
       SEN_CKGTPLT_CT_3
       SEN_CKGTPLT_CT_4
       SEN_CKGTPLT_CT_6
       SEN_CKGTPLT_CT_8
       SEN_CKGTPLT_CTEY2_12
       SEN_CKGTPLT_CTEY2_16
       SEN_CKGTPLT_CTEY2_24
       SEN_CKGTPLT_CTEY2_32
       SEN_CKGTPLT_CTEY2_4
       SEN_CKGTPLT_CTEY2_48
       SEN_CKGTPLT_CTEY2_6
       SEN_CKGTPLT_CTEY2_64
       SEN_CKGTPLT_CTEY2_8
       SEN_CKGTPLT_CTY2_12
       SEN_CKGTPLT_CTY2_16
       SEN_CKGTPLT_CTY2_24
       SEN_CKGTPLT_CTY2_32
       SEN_CKGTPLT_CTY2_4
       SEN_CKGTPLT_CTY2_48
       SEN_CKGTPLT_CTY2_6
       SEN_CKGTPLT_CTY2_64
       SEN_CKGTPLT_CTY2_8
       SEN_DEL_L4_1
       SEN_DEL_L4_2
       SEN_DEL_L4_4
       SEN_DEL_L4_8
       SEN_DEL_L6_1
       SEN_DEL_L6_2
       SEN_DEL_L6_4
       SEN_DEL_L6_8
       SEN_EN2_6
       SEN_EN2_DG_1
       SEN_EN2_DG_12
       SEN_EN2_DG_16
       SEN_EN2_DG_4
       SEN_EN2_DG_6
       SEN_EN2_DG_8
       SEN_EN2_S_0P5
       SEN_EN2_S_1
       SEN_EN2_S_2
       SEN_EN2_S_3
       SEN_EN2_S_4
       SEN_EN2_S_8
       SEN_EN2_G_12
       SEN_EN2_G_8
       SEN_EN2_GY2_16
       SEN_EN3_1
       SEN_EN3_2
       SEN_EN3_DG_2
       SEN_EN3_DG_3
       SEN_EN3_DG_4
       SEN_EN3_DG_8
       SEN_EN3_DGY2_10
       SEN_EN4_DG_1
       SEN_EN4_DG_3
       SEN_EO2_CTEY2_16
       SEN_EO2_CTEY2_4
       SEN_EO2_CTEY2_6
       SEN_EO2_CTEY2_8
       SEN_EO2_CTY2_16
       SEN_EO2_CTY2_4
       SEN_EO2_CTY2_6
       SEN_EO2_CTY2_8
       SEN_EO2_DG_1
       SEN_EO2_DG_16
       SEN_EO2_DG_8
       SEN_EO2_S_0P5
       SEN_EO2_S_1
       SEN_EO2_S_2
       SEN_EO2_S_3
       SEN_EO2_S_4
       SEN_EO2_S_6
       SEN_EO2_S_8
       SEN_EO2_G_10
       SEN_EO2_G_3
       SEN_EO2_GY2_16
       SEN_EO3_DG_2
       SEN_EO3_DG_8
       SEN_EO4_DG_1
       SEN_EO4_DG_3
       SEN_FCMPR42_4
       SEN_FCMPR42_6
       SEN_FCMPR42_8
       SEN_FDAO22PQ_1
       SEN_FDNQ_1
       SEN_FDNQ_2
       SEN_FDNQ_4
       SEN_FDNRBQ_1
       SEN_FDNRBQ_2
       SEN_FDNRBQ_4
       SEN_FDNRBQ_V2_1
       SEN_FDNRBQ_V2_2
       SEN_FDNRBQ_V2_4
       SEN_FDNRBSBQ_1
       SEN_FDNRBSBQ_2
       SEN_FDNRBSBQ_4
       SEN_FDPCBQ_1
       SEN_FDPCBQ_2
       SEN_FDPCBQ_4
       SEN_FDPHQ_1
       SEN_FDPHQ_2
       SEN_FDPHRBSBQ_1
       SEN_FDPHRBSBQ_2
       SEN_FDPMQ_1
       SEN_FDPQ_1
       SEN_FDPQ_2
       SEN_FDPQ_4
       SEN_FDPQ_V2_1
       SEN_FDPQ_V2_1P5
       SEN_FDPQ_V2_2
       SEN_FDPQ_V2_3
       SEN_FDPQ_V2_4
       SEN_FDPQB_1
       SEN_FDPQB_1P5
       SEN_FDPQB_2
       SEN_FDPQB_3
       SEN_FDPQB_4
       SEN_FDPQB_V2_1
       SEN_FDPQB_V2_1P5
       SEN_FDPQB_V2_2
       SEN_FDPQB_V2_3
       SEN_FDPQB_V2_4
       SEN_FDPRBQ_1
       SEN_FDPRBQ_2
       SEN_FDPRBSBQ_1
       SEN_FDPRBSBQ_2
       SEN_FDPRBSBQ_4
       SEN_FDPTQ_1
       SEN_FSDAO22PQ_D_1
       SEN_FSDAO22PQ_D_2
       SEN_FSDAO22PQ_D_4
       SEN_FSDAO22PQO_1
       SEN_FSDAO22PQO_2
       SEN_FSDAO22PQO_4
       SEN_FSDAO22PQO_D_1
       SEN_FSDAO22PQO_D_2
       SEN_FSDAO22PQO_D_4
       SEN_FSDNQ_V2_1
       SEN_FSDNQ_V2_2
       SEN_FSDNQ_V2_4
       SEN_FSDNQO_1
       SEN_FSDNQO_2
       SEN_FSDNQO_4
       SEN_FSDNRBQ_1
       SEN_FSDNRBQ_2
       SEN_FSDNRBQ_4
       SEN_FSDNRBQ_V2_1
       SEN_FSDNRBQ_V2_2
       SEN_FSDNRBQ_V2_4
       SEN_FSDNRBSBQO_1
       SEN_FSDNRBSBQO_2
       SEN_FSDNRBSBQO_4
       SEN_FSDPC1BQ_D_1
       SEN_FSDPC1BQ_D_2
       SEN_FSDPC1BQ_D_4
       SEN_FSDPC1BQ_V2_1
       SEN_FSDPC1BQ_V2_1P5
       SEN_FSDPC1BQ_V2_2
       SEN_FSDPC1BQ_V2_3
       SEN_FSDPC1BQ_V2_4
       SEN_FSDPC1BQO_1
       SEN_FSDPC1BQO_2
       SEN_FSDPC1BQO_4
       SEN_FSDPC1BQO_D_1
       SEN_FSDPC1BQO_D_2
       SEN_FSDPC1BQO_D_4
       SEN_FSDPHQ_D_1
       SEN_FSDPHQ_D_2
       SEN_FSDPHQO_1
       SEN_FSDPHQO_2
       SEN_FSDPHQO_D_2
       SEN_FSDPHRBSBQ_D_1
       SEN_FSDPHRBSBQ_D_2
       SEN_FSDPHRBSBQO_1
       SEN_FSDPHRBSBQO_2
       SEN_FSDPHRBSBQO_D_2
       SEN_FSDPMQ_D_1
       SEN_FSDPMQ_D_2
       SEN_FSDPMQ_D_4
       SEN_FSDPMQO_1
       SEN_FSDPMQO_2
       SEN_FSDPMQO_4
       SEN_FSDPMQO_D_1
       SEN_FSDPMQO_D_2
       SEN_FSDPMQO_D_4
       SEN_FSDPQ_D_1
       SEN_FSDPQ_D_2
       SEN_FSDPQ_D_4
       SEN_FSDPQ_V2_1
       SEN_FSDPQ_V2_1P5
       SEN_FSDPQ_V2_2
       SEN_FSDPQ_V2_3
       SEN_FSDPQ_V2_4
       SEN_FSDPQB_1
       SEN_FSDPQB_1P5
       SEN_FSDPQB_2
       SEN_FSDPQB_3
       SEN_FSDPQB_4
       SEN_FSDPQB_V2_1
       SEN_FSDPQB_V2_1P5
       SEN_FSDPQB_V2_2
       SEN_FSDPQB_V2_3
       SEN_FSDPQB_V2_4
       SEN_FSDPQO_1
       SEN_FSDPQO_2
       SEN_FSDPQO_4
       SEN_FSDPQO_6
       SEN_FSDPQO_8
       SEN_FSDPQO_D_1
       SEN_FSDPQO_D_2
       SEN_FSDPQO_D_4
       SEN_FSDPRBQ_D_1
       SEN_FSDPRBQ_D_2
       SEN_FSDPRBQ_D_4
       SEN_FSDPRBQ_V2_1
       SEN_FSDPRBQ_V2_1P5
       SEN_FSDPRBQ_V2_2
       SEN_FSDPRBQ_V2_3
       SEN_FSDPRBQ_V2_4
       SEN_FSDPRBQO_1
       SEN_FSDPRBQO_2
       SEN_FSDPRBQO_4
       SEN_FSDPRBQO_6
       SEN_FSDPRBQO_8
       SEN_FSDPRBQO_D_1
       SEN_FSDPRBQO_D_2
       SEN_FSDPRBQO_D_4
       SEN_FSDPRBSBQ_D_1
       SEN_FSDPRBSBQ_D_2
       SEN_FSDPRBSBQ_D_4
       SEN_FSDPRBSBQO_CTEY2_4
       SEN_FSDPRBSBQO_CTY2_4
       SEN_FSDPRBSBQO_1
       SEN_FSDPRBSBQO_2
       SEN_FSDPRBSBQO_4
       SEN_FSDPRBSBQO_6
       SEN_FSDPRBSBQO_8
       SEN_FSDPRBSBQO_D_1
       SEN_FSDPRBSBQO_D_2
       SEN_FSDPRBSBQO_D_4
       SEN_FSDPSBQ_D_1
       SEN_FSDPSBQ_D_2
       SEN_FSDPSBQ_D_4
       SEN_FSDPSBQO_1
       SEN_FSDPSBQO_2
       SEN_FSDPSBQO_4
       SEN_FSDPSBQO_6
       SEN_FSDPSBQO_8
       SEN_FSDPSBQO_D_1
       SEN_FSDPSBQO_D_2
       SEN_FSDPSBQO_D_4
       SEN_FSDPTQ_D_1
       SEN_FSDPTQ_D_2
       SEN_FSDPTQ_D_4
       SEN_FSDPTQO_1
       SEN_FSDPTQO_2
       SEN_FSDPTQO_4
       SEN_FSDPTQO_D_1
       SEN_FSDPTQO_D_2
       SEN_FSDPTQO_D_4
       SEN_INV_CTEY2_12
       SEN_INV_CTEY2_16
       SEN_INV_CTEY2_2
       SEN_INV_CTEY2_24
       SEN_INV_CTEY2_32
       SEN_INV_CTEY2_4
       SEN_INV_CTEY2_48
       SEN_INV_CTEY2_6
       SEN_INV_CTEY2_64
       SEN_INV_CTEY2_8
       SEN_INV_CTY2_12
       SEN_INV_CTY2_16
       SEN_INV_CTY2_2
       SEN_INV_CTY2_24
       SEN_INV_CTY2_32
       SEN_INV_CTY2_4
       SEN_INV_CTY2_48
       SEN_INV_CTY2_6
       SEN_INV_CTY2_64
       SEN_INV_CTY2_8
       SEN_INV_S_0P5
       SEN_INV_S_0P65
       SEN_INV_S_0P8
       SEN_INV_S_10
       SEN_INV_S_12
       SEN_INV_S_16
       SEN_INV_S_1P5
       SEN_INV_S_24
       SEN_INV_S_32
       SEN_INV_S_4
       SEN_INV_S_5
       SEN_INV_0P5
       SEN_INV_0P65
       SEN_INV_0P8
       SEN_INV_10
       SEN_INV_12
       SEN_INV_16
       SEN_INV_1P25
       SEN_INV_1P5
       SEN_INV_20
       SEN_INV_24
       SEN_INV_2P5
       SEN_INV_32
       SEN_INV_5
       SEN_INV_8
       SEN_LDNQ_1
       SEN_LDNQ_2
       SEN_LDNQ_4
       SEN_LDNRBQ_1
       SEN_LDNRBQ_2
       SEN_LDNRBQ_4
       SEN_LDPQ_1
       SEN_LDPQ_2
       SEN_LDPQ_4
       SEN_LDPRBQ_1
       SEN_LDPRBQ_2
       SEN_LDPRBQ_4
       SEN_MAJ3_0P5
       SEN_MAJ3_1
       SEN_MAJ3_1P5
       SEN_MAJ3_2
       SEN_MAJ3_4
       SEN_MAJ3_6
       SEN_MAJI3_1
       SEN_MAJI3_2
       SEN_MAJI3_3
       SEN_MAJI3_4
       SEN_MAJI3_5
       SEN_MAJI3_6
       SEN_MAJI3_8
       SEN_MAJI3_T_1
       SEN_MAJI3_T_2
       SEN_MAJI3_T_3
       SEN_MAJI3_T_4
       SEN_MAJI3_T_5
       SEN_MAJI3_T_6
       SEN_MAJI3_T_8
       SEN_MUX2_0P5
       SEN_MUX2_2
       SEN_MUX2_3
       SEN_MUX2_4
       SEN_MUX2_5
       SEN_MUX2_6
       SEN_MUX2_8
       SEN_MUX2_CTEY2_16
       SEN_MUX2_CTEY2_4
       SEN_MUX2_CTEY2_6
       SEN_MUX2_CTEY2_8
       SEN_MUX2_CTY2_16
       SEN_MUX2_CTY2_4
       SEN_MUX2_CTY2_6
       SEN_MUX2_CTY2_8
       SEN_MUX2_DG_1
       SEN_MUX2_DG_16
       SEN_MUX2_DG_2
       SEN_MUX2_DG_4
       SEN_MUX2_DG_8
       SEN_MUX2_S_0P5
       SEN_MUX2_S_1
       SEN_MUX2_S_2
       SEN_MUX2_S_4
       SEN_MUX2_S_6
       SEN_MUX2_S_8
       SEN_MUX2_G_12
       SEN_MUX2_G_16
       SEN_MUX2_G_3
       SEN_MUX2_G_4
       SEN_MUX2_G_6
       SEN_MUX2_G_8
       SEN_MUX2AN2_DG_2
       SEN_MUX2AN2_DG_4
       SEN_MUX2AN2_DG_8
       SEN_MUX2OR2B_DG_1
       SEN_MUX2OR2B_DG_2
       SEN_MUX2OR2B_DG_4
       SEN_MUX2OR2B_DG_8
       SEN_MUX3_CTEY2_24
       SEN_MUX3_CTEY2_32
       SEN_MUX3_CTY2_24
       SEN_MUX3_CTY2_32
       SEN_MUX3_DG_1
       SEN_MUX3_DG_2
       SEN_MUX3_DG_3
       SEN_MUX3_DG_4
       SEN_MUX3_DG_6
       SEN_MUX3_DGY2_8
       SEN_MUX4_CTEY2_16
       SEN_MUX4_CTEY2_4
       SEN_MUX4_CTEY2_8
       SEN_MUX4_CTY2_16
       SEN_MUX4_CTY2_4
       SEN_MUX4_CTY2_8
       SEN_MUX4_DG_1
       SEN_MUX4_DG_2
       SEN_MUX4_DG_3
       SEN_MUX4_DG_4
       SEN_MUX5_CTEY2_24
       SEN_MUX5_CTEY2_32
       SEN_MUX5_CTY2_24
       SEN_MUX5_CTY2_32
       SEN_MUXI2_DG_0P5
       SEN_MUXI2_DG_12
       SEN_MUXI2_DG_1P5
       SEN_MUXI2_DG_2
       SEN_MUXI2_DG_2P5
       SEN_MUXI2_DGY2_16
       SEN_MUXI2_S_1
       SEN_MUXI2_S_2
       SEN_MUXI2_0P5
       SEN_MUXI2_10
       SEN_MUXI2_2
       SEN_MUXI2_3
       SEN_MUXI2_4
       SEN_MUXI2_6
       SEN_MUXI2_8
       SEN_ND2_CTEY2_16
       SEN_ND2_CTEY2_2
       SEN_ND2_CTEY2_4
       SEN_ND2_CTEY2_6
       SEN_ND2_CTEY2_8
       SEN_ND2_CTY2_16
       SEN_ND2_CTY2_2
       SEN_ND2_CTY2_4
       SEN_ND2_CTY2_6
       SEN_ND2_CTY2_8
       SEN_ND2_10
       SEN_ND2_12
       SEN_ND2_16
       SEN_ND2_20
       SEN_ND2_24
       SEN_ND2_8
       SEN_ND2_Y2_32
       SEN_ND2_S_10
       SEN_ND2_S_12
       SEN_ND2_S_16
       SEN_ND2_S_20
       SEN_ND2_S_24
       SEN_ND2_S_6
       SEN_ND2_S_8
       SEN_ND2_TY2_24
       SEN_ND2_G_10
       SEN_ND2_G_12
       SEN_ND2_G_16
       SEN_ND2_G_24
       SEN_ND2_G_6
       SEN_ND2_G_8
       SEN_ND2_GY2_32
       SEN_ND2_0P65
       SEN_ND2_0P8
       SEN_ND2_1P5
       SEN_ND2_S_0P5
       SEN_ND2_S_0P65
       SEN_ND2_S_0P8
       SEN_ND2_S_1
       SEN_ND2_S_1P25
       SEN_ND2_S_1P5
       SEN_ND2_S_2
       SEN_ND2_S_2P5
       SEN_ND2_S_4
       SEN_ND2_S_5
       SEN_ND2_T_0P5
       SEN_ND2_T_0P65
       SEN_ND2_T_0P8
       SEN_ND2_T_12
       SEN_ND2_T_16
       SEN_ND2_T_1P25
       SEN_ND2_T_1P5
       SEN_ND2_T_2P5
       SEN_ND2_T_6
       SEN_ND2_T_8
       SEN_ND2_G_0P65
       SEN_ND2_G_1
       SEN_ND2_G_2
       SEN_ND2_G_3
       SEN_ND2_G_4
       SEN_ND2B_V1DG_8
       SEN_ND2B_V1_12
       SEN_ND2B_V1_16
       SEN_ND2B_V1_6
       SEN_ND2B_V1_8
       SEN_ND2B_12
       SEN_ND2B_16
       SEN_ND2B_6
       SEN_ND2B_8
       SEN_ND2B_V1DG_1
       SEN_ND2B_V1DG_2
       SEN_ND2B_S_2
       SEN_ND2B_S_4
       SEN_ND2B_S_8
       SEN_ND2B_V1_1
       SEN_ND2B_V1_5
       SEN_ND2B_1
       SEN_ND2B_2
       SEN_ND2B_3
       SEN_ND2EN2_0P5
       SEN_ND2EN2_1
       SEN_ND2EN2_2
       SEN_ND2NR2_0P5
       SEN_ND2NR2_1
       SEN_ND2NR2_2
       SEN_ND2NR2EN2_0P5
       SEN_ND2NR2EN2_1
       SEN_ND2NR2EN2_2
       SEN_ND3_6
       SEN_ND3_8
       SEN_ND3_S_1
       SEN_ND3_S_2
       SEN_ND3_S_4
       SEN_ND3_S_6
       SEN_ND3_S_8
       SEN_ND3_0P5
       SEN_ND3_2
       SEN_ND3_3
       SEN_ND3_4
       SEN_ND3_T_0P5
       SEN_ND3_T_0P8
       SEN_ND3_T_10
       SEN_ND3_T_12
       SEN_ND3_T_16
       SEN_ND3_T_8
       SEN_ND3B_1
       SEN_ND3B_8
       SEN_ND3B_V1DG_8
       SEN_ND3B_V1DG_1
       SEN_ND3B_V1DG_4
       SEN_ND3B_DG_2
       SEN_ND3B_DG_4
       SEN_ND4_S_1
       SEN_ND4_S_2
       SEN_ND4_S_4
       SEN_ND4_S_8
       SEN_ND4_12
       SEN_ND4_16
       SEN_ND4_4
       SEN_ND4_8
       SEN_ND4B_8
       SEN_NR2_CTEY2_12
       SEN_NR2_CTEY2_16
       SEN_NR2_CTEY2_4
       SEN_NR2_CTEY2_6
       SEN_NR2_CTEY2_8
       SEN_NR2_CTY2_12
       SEN_NR2_CTY2_16
       SEN_NR2_CTY2_4
       SEN_NR2_CTY2_6
       SEN_NR2_CTY2_8
       SEN_NR2_12
       SEN_NR2_16
       SEN_NR2_6
       SEN_NR2_8
       SEN_NR2_S_10
       SEN_NR2_S_12
       SEN_NR2_S_16
       SEN_NR2_S_6
       SEN_NR2_S_8
       SEN_NR2_G_10
       SEN_NR2_G_12
       SEN_NR2_G_16
       SEN_NR2_G_6
       SEN_NR2_G_8
       SEN_NR2_0P5
       SEN_NR2_0P65
       SEN_NR2_0P8
       SEN_NR2_1P5
       SEN_NR2_2
       SEN_NR2_3
       SEN_NR2_4
       SEN_NR2_S_0P5
       SEN_NR2_S_0P65
       SEN_NR2_S_0P8
       SEN_NR2_S_2P5
       SEN_NR2_S_3
       SEN_NR2_S_4
       SEN_NR2_S_5
       SEN_NR2_T_0P5
       SEN_NR2_T_0P65
       SEN_NR2_T_1
       SEN_NR2_T_12
       SEN_NR2_T_16
       SEN_NR2_T_6
       SEN_NR2_T_8
       SEN_NR2_G_0P5
       SEN_NR2_G_0P65
       SEN_NR2_G_0P8
       SEN_NR2_G_1
       SEN_NR2_G_1P5
       SEN_NR2_G_2
       SEN_NR2_G_4
       SEN_NR2_G_5
       SEN_NR2B_V1DG_12
       SEN_NR2B_V1DG_16
       SEN_NR2B_V1DG_6
       SEN_NR2B_V1DG_8
       SEN_NR2B_V1_12
       SEN_NR2B_V1_6
       SEN_NR2B_V1_8
       SEN_NR2B_10
       SEN_NR2B_12
       SEN_NR2B_16
       SEN_NR2B_6
       SEN_NR2B_8
       SEN_NR2B_V1DG_1
       SEN_NR2B_V1DG_2
       SEN_NR2B_V1DG_3
       SEN_NR2B_V1DG_4
       SEN_NR2B_1
       SEN_NR2B_3
       SEN_NR2B_4
       SEN_NR3_12
       SEN_NR3_6
       SEN_NR3_8
       SEN_NR3_G_12
       SEN_NR3_G_6
       SEN_NR3_G_8
       SEN_NR3_0P5
       SEN_NR3_0P65
       SEN_NR3_0P8
       SEN_NR3_1
       SEN_NR3_4
       SEN_NR3_5
       SEN_NR3_T_0P5
       SEN_NR3_T_10
       SEN_NR3_T_12
       SEN_NR3_T_16
       SEN_NR3_T_8
       SEN_NR3_G_2
       SEN_NR3_G_3
       SEN_NR3_G_4
       SEN_NR3B_DG_6
       SEN_NR3B_DG_8
       SEN_NR4_8
       SEN_OA21_V2_1
       SEN_OA21_V2_2
       SEN_OA21_V2_6
       SEN_OA21_V2_8
       SEN_OA21_1
       SEN_OA21_4
       SEN_OA21_8
       SEN_OA21B_0P5
       SEN_OA21B_2
       SEN_OA21B_3
       SEN_OA21B_8
       SEN_OA222_0P5
       SEN_OA222_1
       SEN_OA222_2
       SEN_OA222_4
       SEN_OA22_DG_1
       SEN_OA22_DG_2
       SEN_OA22_DG_4
       SEN_OA22_DG_8
       SEN_OA22_1
       SEN_OA22_2
       SEN_OA22_4
       SEN_OA22_6
       SEN_OA22_8
       SEN_OA2BB2_0P5
       SEN_OA2BB2_1
       SEN_OA2BB2_1P5
       SEN_OA2BB2_4
       SEN_OA2BB2_6
       SEN_OA2BB2_8
       SEN_OA2BB2_DG_1
       SEN_OA2BB2_DG_2
       SEN_OA2BB2_DG_4
       SEN_OA2BB2_DG_6
       SEN_OA2BB2_DG_8
       SEN_OA311_1
       SEN_OA311_2
       SEN_OA311_4
       SEN_OA31_0P5
       SEN_OA31_4
       SEN_OA32_1
       SEN_OA32_2
       SEN_OA32_4
       SEN_OA33_0P5
       SEN_OA33_1
       SEN_OA33_1P5
       SEN_OA33_2
       SEN_OA33_3
       SEN_OA33_4
       SEN_OA41_1
       SEN_OA41_2
       SEN_OA41_4
       SEN_OAI2111_0P5
       SEN_OAI2111_1
       SEN_OAI2111_2
       SEN_OAI2111_4
       SEN_OAI21_12
       SEN_OAI21_16
       SEN_OAI21_6
       SEN_OAI21_G_12
       SEN_OAI21_G_16
       SEN_OAI21_G_6
       SEN_OAI21_G_8
       SEN_OAI21_S_0P5
       SEN_OAI21_S_2
       SEN_OAI21_S_4
       SEN_OAI21_0P5
       SEN_OAI21_0P75
       SEN_OAI21_T_0P5
       SEN_OAI21_T_1
       SEN_OAI21_T_12
       SEN_OAI21_T_2
       SEN_OAI21_T_6
       SEN_OAI21_G_0P5
       SEN_OAI21_G_1
       SEN_OAI21_G_2
       SEN_OAI21_G_4
       SEN_OAI21B_0P5
       SEN_OAI21B_1
       SEN_OAI21B_8
       SEN_OAI221_0P5
       SEN_OAI221_1
       SEN_OAI221_2
       SEN_OAI221_4
       SEN_OAI222_0P5
       SEN_OAI222_0P75
       SEN_OAI222_1
       SEN_OAI222_2
       SEN_OAI222_3
       SEN_OAI222_4
       SEN_OAI222_8
       SEN_OAI22_12
       SEN_OAI22_6
       SEN_OAI22_8
       SEN_OAI22_Y2_16
       SEN_OAI22_S_4
       SEN_OAI22_S_6
       SEN_OAI22_S_8
       SEN_OAI22_0P5
       SEN_OAI22_0P75
       SEN_OAI22_3
       SEN_OAI22_4
       SEN_OAI22_T_0P5
       SEN_OAI22_T_12
       SEN_OAI22_T_16
       SEN_OAI22_T_1P5
       SEN_OAI22_T_2
       SEN_OAI22_T_3
       SEN_OAI22_T_4
       SEN_OAI22_T_6
       SEN_OAI22_T_8
       SEN_OAI311_1
       SEN_OAI311_2
       SEN_OAI311_4
       SEN_OAI31_12
       SEN_OAI31_6
       SEN_OAI31_8
       SEN_OAI31_0P5
       SEN_OAI31_1
       SEN_OAI31_4
       SEN_OAI31_T_0P5
       SEN_OAI31_T_1
       SEN_OAI31_T_2
       SEN_OAI31_T_4
       SEN_OAI31_G_0P5
       SEN_OAI31_G_0P75
       SEN_OAI31_G_2
       SEN_OAI31_G_4
       SEN_OAI32_1
       SEN_OAI32_2
       SEN_OAI32_4
       SEN_OAI41_1
       SEN_OAI41_2
       SEN_OAI41_4
       SEN_OAO211_DG_1
       SEN_OAO211_DG_2
       SEN_OAO211_DG_4
       SEN_OAOI211_V2_2
       SEN_OAOI211_V2_4
       SEN_OAOI211_12
       SEN_OAOI211_8
       SEN_OAOI211_G_12
       SEN_OAOI211_G_8
       SEN_OAOI211_1
       SEN_OAOI211_G_1
       SEN_OAOI211_G_2
       SEN_OAOI211_G_4
       SEN_OR2_DG_24
       SEN_OR2_DG_1
       SEN_OR2_DG_12
       SEN_OR2_DG_16
       SEN_OR2_DG_2
       SEN_OR2_DG_3
       SEN_OR2_DG_4
       SEN_OR2_DG_6
       SEN_OR2_DG_8
       SEN_OR2_10
       SEN_OR2_12
       SEN_OR2_16
       SEN_OR2_1P5
       SEN_OR2_20
       SEN_OR2_2P5
       SEN_OR2_3
       SEN_OR2_4
       SEN_OR2_5
       SEN_OR2_6
       SEN_OR2_8
       SEN_OR3_12
       SEN_OR3_16
       SEN_OR3_2
       SEN_OR3_4
       SEN_OR3_6
       SEN_OR3_8
       SEN_OR3B_0P5
       SEN_OR3B_8
       SEN_OR4_0P65
       SEN_OR4_12
       SEN_OR4_4
       SEN_OR4_6
       SEN_OR4_8
       SEN_OR4B_4
       SEN_OR4B_8
       SEN_OR5_Y2_8
       SEN_OR5_1
       SEN_OR5_2
       SEN_OR5_4
       SEN_OR6_Y2_12
       SEN_OR6_Y2_16
       SEN_OR6_Y2_20
       SEN_OR6_Y2_24
       SEN_OR6_Y2_32
       SEN_OR6_Y2_6
       SEN_OR6_Y2_8
       SEN_OR6_1
       SEN_OR6_2
       SEN_OR6_4
       SEN_RAD8BOOTHMUX_8
       SEN_SUBH_1
       SEN_SUBH_2
       SEN_SUBH_4
       SEN_TIE0_G_1
       SEN_TIE1_G_1
       SEN_TIEDIN_G_1
       SEN_FILLNOPG12
       SEN_FILLNOPG16
       SEN_FILL_S_32
       SEN_FILL64
       SEN_DCAP64
       SEN_CAPR8
       SEN_CAPLNOPG8
       SEN_CAPRNOPG8
       SEN_FILL_ECO19
       SEN_DCAP4
       SEN_DCAP8
       SEN_RDCAP32
       SEN_FILL8
       SEN_FILLV2Y64
       SEN_FILL3
       SEN_FILL2
       SEN_FILL1
       SEN_FILL6
       SEN_FILL5
       SEN_FILL4
       SEN_CAPL8
       SEN_FILLNOPG32
       SEN_FILLV2Y16
       SEN_FILLV2Y12
       SEN_FILL_PONOPG1
       SEN_FILLV2Y5
       SEN_FILLV2Y4
       SEN_RDCAP16
       SEN_FILLV2Y1
       SEN_FILLV2Y3
       SEN_FILLV2Y2
       SEN_FILLV2Y8
       SEN_DCAP32
       SEN_CAPRV2Y8
       SEN_FILLNOPG3
       SEN_FILLNOPG2
       SEN_FILLNOPG5
       SEN_FILLNOPG4
       SEN_FILLNOPG6
       SEN_FILLNOPG8
       SEN_FILL_ECO9
       SEN_FILL_ECO8
       SEN_FILL_ECO5
       SEN_FILL_ECO4
       SEN_FILL_ECO7
       SEN_FILL_ECO6
       SEN_FILL_ECO1
       SEN_FILL_ECO3
       SEN_FILL_ECO2
       SEN_CAPLV2Y8
       SEN_FILLV2Y32
       SEN_FILL_S_4
       SEN_FILL_S_1
       SEN_FILL_S_2
       SEN_FILL_ECOV2Y16
       SEN_FILL_S_8
       SEN_FILL_S_64
       SEN_FILL_ECO18
       SEN_FILL_ECO15
       SEN_FILL_ECO14
       SEN_FILL_ECO17
       SEN_FILL_ECO16
       SEN_FILL_ECO11
       SEN_FILL_ECO10
       SEN_FILL_ECO13
       SEN_FILL_ECO12
       SEN_FILLNOPG64
       SEN_FILL32
       SEN_DCAP16
       SEN_FILL_POV2Y1
       SEN_FILL_ECOV2Y8
       SEN_RDCAP4
       SEN_FILL_S_128
       SEN_RDCAP8
       SEN_FILL_ECO20
       SEN_FILL_S_16
       SEN_FILL_ECOV2Y3
       SEN_FILL_ECOV2Y2
       SEN_FILL_ECOV2Y1
       SEN_TAPDS1T5
       SEN_FILL_ECOV2Y4
       SEN_FILLNOPG1
       SEN_FILLV2Y6
       SEN_FILL_PO1
       SEN_FILL12
       SEN_FILL16
       SEN_RDCAP64
       SEN_FILL_S_256
TimeScale is 100 ps / 1 ps
VCS Coverage Metrics Release I-2014.03_Full64 Copyright (c) 1991-2014 by Synopsys Inc.
***** Warning: +memcbk/-debug* will not enable toggle coverage on MDA please use -cm_tgl mda to enable it

   ***   $sdf_annotate() version 1.2R
   ***    SDF file: "aestop.mapped.sdf"
   ***    Annotation scope: aestop_tb2.aestop
   ***    MTM selection: "MINIMUM"
   ***    SCALE FACTORS: "1.0000:1.0000:1.0000"
   ***    SCALE TYPE: "FROM_MTM"
   ***    Turnoff delay: "FROM_FILE"
   ***    Approximation (mipd) policy: "MAXIMUM"

   ***    SDF annotation begin: Fri Jun  4 03:38:34 2021


SDF Info: +pulse_r/100, +pulse_e/100 in effect

Warning-[SDFCOM_NNTC] Need timing check option +neg_tchk
aestop.mapped.sdf, 50171
module: SEN_FDPRBQ_V2_1P5, "instance: aestop_tb2.aestop.\control/decryptfsm/dec_state_reg[0] "
  SDF Error: Negative HOLD value replaced by 0.          
  Add +neg_tchk to consider Negative delay value.


Warning-[SDFCOM_NNTC] Need timing check option +neg_tchk
aestop.mapped.sdf, 50175
module: SEN_FDPRBQ_V2_1P5, "instance: aestop_tb2.aestop.\control/decryptfsm/dec_state_reg[0] "
  SDF Error: Negative RECOVERY value replaced by 0.          
  Add +neg_tchk to consider Negative delay value.


Warning-[SDFCOM_NNTC] Need timing check option +neg_tchk
aestop.mapped.sdf, 50192
module: SEN_FDPSBQ_2, "instance: aestop_tb2.aestop.\keyexp/rndkreg/dout_reg[42] "
  SDF Error: Negative HOLD value replaced by 0.          
  Add +neg_tchk to consider Negative delay value.


Warning-[SDFCOM_NNTC] Need timing check option +neg_tchk
aestop.mapped.sdf, 50193
module: SEN_FDPSBQ_2, "instance: aestop_tb2.aestop.\keyexp/rndkreg/dout_reg[42] "
  SDF Error: Negative HOLD value replaced by 0.          
  Add +neg_tchk to consider Negative delay value.


Warning-[SDFCOM_NNTC] Need timing check option +neg_tchk
aestop.mapped.sdf, 50213
module: SEN_FDPSBQ_2, "instance: aestop_tb2.aestop.\keyexp/rndkreg/dout_reg[81] "
  SDF Error: Negative HOLD value replaced by 0.          
  Add +neg_tchk to consider Negative delay value.


Warning-[SDFCOM_NNTC] Need timing check option +neg_tchk
aestop.mapped.sdf, 50214
module: SEN_FDPSBQ_2, "instance: aestop_tb2.aestop.\keyexp/rndkreg/dout_reg[81] "
  SDF Error: Negative HOLD value replaced by 0.          
  Add +neg_tchk to consider Negative delay value.


Warning-[SDFCOM_NNTC] Need timing check option +neg_tchk
aestop.mapped.sdf, 50234
module: SEN_FDPRBQ_V2_3, "instance: aestop_tb2.aestop.\keyexp/rndkreg/dout_reg[34] "
  SDF Error: Negative HOLD value replaced by 0.          
  Add +neg_tchk to consider Negative delay value.


Warning-[SDFCOM_NNTC] Need timing check option +neg_tchk
aestop.mapped.sdf, 50238
module: SEN_FDPRBQ_V2_3, "instance: aestop_tb2.aestop.\keyexp/rndkreg/dout_reg[34] "
  SDF Error: Negative RECOVERY value replaced by 0.          
  Add +neg_tchk to consider Negative delay value.


Warning-[SDFCOM_NNTC] Need timing check option +neg_tchk
aestop.mapped.sdf, 50255
module: SEN_FDPRBQ_V2_3, "instance: aestop_tb2.aestop.\keyexp/rndkreg/dout_reg[69] "
  SDF Error: Negative HOLD value replaced by 0.          
  Add +neg_tchk to consider Negative delay value.


Warning-[SDFCOM_NNTC] Need timing check option +neg_tchk
aestop.mapped.sdf, 50259
module: SEN_FDPRBQ_V2_3, "instance: aestop_tb2.aestop.\keyexp/rndkreg/dout_reg[69] "
  SDF Error: Negative RECOVERY value replaced by 0.          
  Add +neg_tchk to consider Negative delay value.

All future errors not reported; use +sdfverbose to report them.

          Total errors: 1155
          Total warnings: 0
   ***    SDF annotation completed: Fri Jun  4 03:38:35 2021


Starting vcs inline pass...
1640 modules and 13 UDPs read.
	However, due to incremental compilation, no re-compilation is necessary.
make[1]: Entering directory `/home/qst/workspace2105/aes/vcs_aftersyn/csrc'
rm -f _csrc*.so amd64_scvhdl_*.so pre_vcsobj_*.so share_vcsobj_*.so
ld -shared -o .//../aestop.daidir//_csrc0.so SIM_l.o 5NrI_d.o 5NrIB_d.o  
ld -shared -o .//../aestop.daidir//pre_vcsobj_1_1.so --whole-archive pre_vcsobj_1_1.a \
--no-whole-archive
ld -shared -o .//../aestop.daidir//pre_vcsobj_1_2.so --whole-archive pre_vcsobj_1_2.a \
--no-whole-archive
ld -shared -o .//../aestop.daidir//pre_vcsobj_1_3.so --whole-archive pre_vcsobj_1_3.a \
--no-whole-archive
ld -shared -o .//../aestop.daidir//pre_vcsobj_1_4.so --whole-archive pre_vcsobj_1_4.a \
--no-whole-archive
if [ -x ../aestop ]; then chmod -x ../aestop; fi
g++  -o ../aestop    -Wl,-rpath-link=./ -Wl,-rpath='$ORIGIN'/aestop.daidir/ -Wl,-rpath='$ORIGIN'/aestop.daidir//scsim.db.dir \
_csrc0.so   pre_vcsobj_1_1.so pre_vcsobj_1_2.so pre_vcsobj_1_3.so pre_vcsobj_1_4.so \
rmapats_mop.o rmapats.o rmar.o           /home/EDA/EDA_TOOLS/Synopsys/VCS2014/amd64/lib/libzerosoft_rt_stubs.so \
/home/EDA/EDA_TOOLS/Synopsys/VCS2014/amd64/lib/libvirsim.so /home/EDA/EDA_TOOLS/Synopsys/VCS2014/amd64/lib/liberrorinf.so \
/home/EDA/EDA_TOOLS/Synopsys/VCS2014/amd64/lib/libsnpsmalloc.so    /home/EDA/EDA_TOOLS/Synopsys/VCS2014/amd64/lib/libvcsnew.so \
/home/EDA/EDA_TOOLS/Synopsys/VCS2014/amd64/lib/libreader_common.so /home/EDA/EDA_TOOLS/Synopsys/VCS2014/amd64/lib/libBA.a \
/home/EDA/EDA_TOOLS/Synopsys/VCS2014/amd64/lib/libuclinative.so   -Wl,-whole-archive \
/home/EDA/EDA_TOOLS/Synopsys/VCS2014/amd64/lib/libvcsucli.so -Wl,-no-whole-archive \
/home/EDA/EDA_TOOLS/Synopsys/VCS2014/amd64/lib/vcs_save_restore_new.o /home/EDA/EDA_TOOLS/Synopsys/Verdi2015/share/PLI/VCS/LINUX64/pli.a \
-ldl -lm  -lc -lpthread -ldl 
../aestop up to date
make[1]: Leaving directory `/home/qst/workspace2105/aes/vcs_aftersyn/csrc'
Command: ./aestop +v2k +vcs+flush+all -cm_runsilent -cm line+cond+fsm+branch+tgl -cm_runsilent -cm_name aestop -cm_runsilent -cm_dir ./aestop.vdb +vpdfile+aestop.vpd -a compile.log
Chronologic VCS simulator copyright 1991-2014
Contains Synopsys proprietary information.
Compiler version I-2014.03_Full64; Runtime version I-2014.03_Full64;  Jun  4 03:38 2021
Doing SDF annotation ...... Done
*Verdi3* Loading libsscore_vcs201403.so
*Verdi3* : Enable Parallel Dumping.
FSDB Dumper for VCS, Release Verdi3_K-2015.09-SP1-1, Linux x86_64/64bit, 01/21/2016
(C) 1996 - 2016 by Synopsys, Inc.
*Verdi3* FSDB WARNING: The FSDB file already exists. Overwriting the FSDB file may crash the programs that are using this file.
*Verdi3* : Create FSDB file 'aestop.fsdb'
*Verdi3* : Begin traversing the scopes, layer (0).
*Verdi3* : End of traversing.
$finish called from file "aestop_tb2.v", line 137.
$finish at simulation time              1182000

---------------------------------------------------------------------------
VCS Coverage Metrics: during simulation line, cond, FSM, branch, tgl was monitored
---------------------------------------------------------------------------
           V C S   S i m u l a t i o n   R e p o r t 
Time: 1182000 ps
CPU Time:      2.850 seconds;       Data structure size:   8.8Mb
Fri Jun  4 03:38:52 2021
CPU time: 3.978 seconds to compile + .012 seconds to elab + .525 seconds to link + 3.029 seconds in simulation
