Command: ./aestop -cm line+cond+fsm+branch+tgl -cm_name aestop -cm_dir ./aestop.vdb +vpdfile+aestop.vpd -l aestop.log
Chronologic VCS simulator copyright 1991-2014
Contains Synopsys proprietary information.
Compiler version I-2014.03_Full64; Runtime version I-2014.03_Full64;  May 21 09:16 2022
Doing SDF annotation ...... Done
Message: From $vcdpluson at time 0 in file aestop_tb2.v line 144: [VCD+-SVFN]: 
Setting VPD File by "+vpdfile+" switch to aestop.vpd.

*Verdi3* Loading libsscore_vcs201403.so
*Verdi3* : Enable Parallel Dumping.
FSDB Dumper for VCS, Release Verdi3_K-2015.09-SP1-1, Linux x86_64/64bit, 01/21/2016
(C) 1996 - 2016 by Synopsys, Inc.
*Verdi3* FSDB WARNING: The FSDB file already exists. Overwriting the FSDB file may crash the programs that are using this file.
*Verdi3* : Create FSDB file 'aestop.fsdb'
*Verdi3* : Begin traversing the scopes, layer (0).
*Verdi3* : End of traversing.
VCD+ Writer I-2014.03_Full64 Copyright (c) 1991-2014 by Synopsys Inc.
$finish called from file "aestop_tb2.v", line 137.
$finish at simulation time              1182000

---------------------------------------------------------------------------
VCS Coverage Metrics: during simulation line, cond, FSM, branch, tgl was monitored
---------------------------------------------------------------------------
           V C S   S i m u l a t i o n   R e p o r t 
Time: 1182000 ps
CPU Time:      3.500 seconds;       Data structure size:  18.1Mb
Sat May 21 09:16:37 2022
