[MHPI_DL_ERROR]./aestop: undefined symbol: mhpi_skipFileReset
[MHPI_DL_ERROR]./aestop: undefined symbol: mhpi_addCheckpointFileCB
ANF: vcsd_get_spice_hier_by_vpi(dlerror='./aestop: undefined symbol: vcsd_get_spice_hier_by_vpi')
ANF: tf_register_processrestart(dlerror='./aestop: undefined symbol: tf_register_processrestart')
ANF: vcsd_has_any_dynamic_dim(dlerror='./aestop: undefined symbol: vcsd_has_any_dynamic_dim')
ANF: vcsd_is_low_power_assertion_checker(dlerror='./aestop: undefined symbol: vcsd_is_low_power_assertion_checker')
ANF: vcsd_get_power_scope_name(dlerror='./aestop: undefined symbol: vcsd_get_power_scope_name')
ANF: vcsd_dump_network(dlerror='./aestop: undefined symbol: vcsd_dump_network')
ANF: vcsd_register_openSignatureData(dlerror='./aestop: undefined symbol: vcsd_register_openSignatureData')
ANF: vcsd_flush_SignatureData(dlerror='./aestop: undefined symbol: vcsd_flush_SignatureData')
ANF: vcsd_close_SignatureData(dlerror='./aestop: undefined symbol: vcsd_close_SignatureData')
ANF: vcsd_node_check_initial_force(dlerror='./aestop: undefined symbol: vcsd_node_check_initial_force')
ANF: vcsd_node_check_callback(dlerror='./aestop: undefined symbol: vcsd_node_check_callback')
ANF: vcsd_node_register_callback(dlerror='./aestop: undefined symbol: vcsd_node_register_callback')
ANF: vcsd_node_remove_callback(dlerror='./aestop: undefined symbol: vcsd_node_remove_callback')
ANF: vcsd_node_varInfo(dlerror='./aestop: undefined symbol: vcsd_node_varInfo')
ANF: vcsd_node_Ei_Cn_Fn(dlerror='./aestop: undefined symbol: vcsd_node_Ei_Cn_Fn')
ANF: vcsd_get_max_Fn(dlerror='./aestop: undefined symbol: vcsd_get_max_Fn')
ANF: vcsd_node_value_pointer(dlerror='./aestop: undefined symbol: vcsd_node_value_pointer')
ANF: vcsd_free_value_pointer(dlerror='./aestop: undefined symbol: vcsd_free_value_pointer')
ANF: vcsd_value_pointer_to_fhdb_value(dlerror='./aestop: undefined symbol: vcsd_value_pointer_to_fhdb_value')
ANF: vcsd_remove_all_callback(dlerror='./aestop: undefined symbol: vcsd_remove_all_callback')
ANF: vcsd_check_secondary_initDeposit(dlerror='./aestop: undefined symbol: vcsd_check_secondary_initDeposit')
ANF: vcsd_register_forceVcsBoundary(dlerror='./aestop: undefined symbol: vcsd_register_forceVcsBoundary')
ANF: vcsd_register_forceSecondary(dlerror='./aestop: undefined symbol: vcsd_register_forceSecondary')
ANF: vcsd_register_dumpRoot(dlerror='./aestop: undefined symbol: vcsd_register_dumpRoot')
ANF: vcsd_register_addNewMaster(dlerror='./aestop: undefined symbol: vcsd_register_addNewMaster')
ANF: vcsd_register_assignSlaveToNewMaster(dlerror='./aestop: undefined symbol: vcsd_register_assignSlaveToNewMaster')
ANF: vcsd_register_1st_rfn_cbk(dlerror='./aestop: undefined symbol: vcsd_register_1st_rfn_cbk')
ANF: vcsd_register_2nd_rfn_cbk(dlerror='./aestop: undefined symbol: vcsd_register_2nd_rfn_cbk')
ANF: vcsd_is_boundary(dlerror='./aestop: undefined symbol: vcsd_is_boundary')
ANF: vcsd_register_1st_non_network(dlerror='./aestop: undefined symbol: vcsd_register_1st_non_network')
ANF: vcsd_register_1st_primary_master(dlerror='./aestop: undefined symbol: vcsd_register_1st_primary_master')
ANF: vcsd_register_1st_primary_slave(dlerror='./aestop: undefined symbol: vcsd_register_1st_primary_slave')
ANF: vcsd_register_1st_secondary_master_confirm(dlerror='./aestop: undefined symbol: vcsd_register_1st_secondary_master_confirm')
ANF: vcsd_register_1st_secondary_master_defer(dlerror='./aestop: undefined symbol: vcsd_register_1st_secondary_master_defer')
ANF: vcsd_register_1st_secondary_slave_masterConfirmedSecondary(dlerror='./aestop: undefined symbol: vcsd_register_1st_secondary_slave_masterConfirmedSecondary')
ANF: vcsd_register_1st_secondary_slave_masterDeferredSecondary(dlerror='./aestop: undefined symbol: vcsd_register_1st_secondary_slave_masterDeferredSecondary')
ANF: vcsd_dump_var_vpdg(dlerror='./aestop: undefined symbol: vcsd_dump_var_vpdg')
ANF: vcsd_register_2nd_secondary_master_remainSecondary(dlerror='./aestop: undefined symbol: vcsd_register_2nd_secondary_master_remainSecondary')
ANF: vcsd_register_2nd_secondary_master_becomePrimary(dlerror='./aestop: undefined symbol: vcsd_register_2nd_secondary_master_becomePrimary')
ANF: vcsd_second_traverse(dlerror='./aestop: undefined symbol: vcsd_second_traverse')
ANF: vcsd_begin_no_value_var_info(dlerror='./aestop: undefined symbol: vcsd_begin_no_value_var_info')
ANF: vcsd_end_no_value_var_info(dlerror='./aestop: undefined symbol: vcsd_end_no_value_var_info')
ANF: vcsd_get_value_ptr(dlerror='./aestop: undefined symbol: vcsd_get_value_ptr')
ANF: vcsd_get_value_type_from_value_ptr(dlerror='./aestop: undefined symbol: vcsd_get_value_type_from_value_ptr')
ANF: vcsd_mem_value_pointer_to_fhdb_value(dlerror='./aestop: undefined symbol: vcsd_mem_value_pointer_to_fhdb_value')
ANF: vcsd_is_nettype_array_value_ptr(dlerror='./aestop: undefined symbol: vcsd_is_nettype_array_value_ptr')
ANF: vcs_get_v2v_id_for_verdi(dlerror='./aestop: undefined symbol: vcs_get_v2v_id_for_verdi')
ANF: scsd_xprop_is_enabled(dlerror='./aestop: undefined symbol: scsd_xprop_is_enabled')
ANF: scsd_xprop_sig_is_promoted(dlerror='./aestop: undefined symbol: scsd_xprop_sig_is_promoted')
ANF: scsd_xprop_int_xvalue(dlerror='./aestop: undefined symbol: scsd_xprop_int_xvalue')
ANF: scsd_xprop_bool_xvalue(dlerror='./aestop: undefined symbol: scsd_xprop_bool_xvalue')
ANF: scsd_xprop_enum_xvalue(dlerror='./aestop: undefined symbol: scsd_xprop_enum_xvalue')
ANF: msvEnableDumpingMode(dlerror='./aestop: undefined symbol: msvEnableDumpingMode')
ANF: msvIsSpiceEngineReady(dlerror='./aestop: undefined symbol: msvIsSpiceEngineReady')
ANF: msvSetAddProbeCallback(dlerror='./aestop: undefined symbol: msvSetAddProbeCallback')
ANF: msvGetInstHandle(dlerror='./aestop: undefined symbol: msvGetInstHandle')
ANF: msvGetProbeByInst(dlerror='./aestop: undefined symbol: msvGetProbeByInst')
ANF: msvGetSigHandle(dlerror='./aestop: undefined symbol: msvGetSigHandle')
ANF: msvGetProbeBySig(dlerror='./aestop: undefined symbol: msvGetProbeBySig')
ANF: msvGetProbeInfo(dlerror='./aestop: undefined symbol: msvGetProbeInfo')
ANF: msvRelease(dlerror='./aestop: undefined symbol: msvRelease')
ANF: msvSetVcCallbackFunc(dlerror='./aestop: undefined symbol: msvSetVcCallbackFunc')
ANF: msvCheckVcCallback(dlerror='./aestop: undefined symbol: msvCheckVcCallback')
ANF: msvAddVcCallback(dlerror='./aestop: undefined symbol: msvAddVcCallback')
ANF: msvRemoveVcCallback(dlerror='./aestop: undefined symbol: msvRemoveVcCallback')
ANF: msvGetLatestValue(dlerror='./aestop: undefined symbol: msvGetLatestValue')
ANF: msvSetEndofSimCallback(dlerror='./aestop: undefined symbol: msvSetEndofSimCallback')
ANF: PI_ace_get_output_time_unit(dlerror='./aestop: undefined symbol: PI_ace_get_output_time_unit')
ANF: PI_ace_sim_sync(dlerror='./aestop: undefined symbol: PI_ace_sim_sync')
Chronologic Simulation VCS Release I-2014.03_Full64
Linux 3.10.0-957.el7.x86_64 #1 SMP Thu Nov 8 23:39:32 UTC 2018 x86_64
CPU cores: 8
Limit information:
======================================
cputime			unlimited
filesize		unlimited
datasize		unlimited
stacksize		8192 kbytes
coredumpsize	0 kbytes
memoryuse		unlimited
vmemoryuse		unlimited
descriptors		1024
memorylocked	64 kbytes
maxproc			4096
======================================
(Special)Runtime environment variables:

Runtime environment variables:
PVA_64=1
HSIMPLUS_64=1
ANSYS_HOME=/home/eda/EDA_TOOLS/NewFolder/AnsysEM18.1
SHELL=/bin/csh
OA_UNSUPPORTED_PLAT=linux_rhel50_gcc48x
REDHAWK_HOME=/home/eda/EDA_TOOLS/ansys/redhawk/RedHawk_Linux64e5_V19.0.3
HSPICE_64=1
SNPSLMD_LICENSE_FILE=27002@192.168.1.102:/home/EDA/EDA_TOOLS/Synopsys/VCS2014/flexlm//license.dat
HSP_ADE_INTEG_HOME=/home/EDA/EDA_TOOLS/Synopsys/Hspice2016/hspice/interface
IUS_HOME=/home/EDA/EDA_TOOLS/Cadence/ius/ius82
PERL_MM_OPT=INSTALL_BASE=/home/qst/perl5
MACHTYPE=x86_64
SRC_HOME=/home/EDA/EDA_TOOLS/Synopsys/StarRC2015
QT_PLUGIN_PATH=/usr/lib64/kde4/plugins:/usr/lib/kde4/plugins
LESSOPEN=||/usr/bin/lesspipe.sh %s
FM_HOME=/home/EDA/EDA_TOOLS/Synopsys/Formality2016
SSH_CONNECTION=10.9.20.146 57548 10.9.21.10 22
PATH=/home/eda/EDA_TOOLS/ansys/redhawk/RedHawk_Linux64e5_V19.0.3/bin:/home/eda/EDA_TOOLS/NewFolder/AnsysEM18.1/Linux64:/home/EDA/EDA_TOOLS/Synopsys/M-2016.12/bin:/home/EDA/EDA_TOOLS/Synopsys/icc2_vM-2016.12-SP5/bin:/home/EDA/EDA_TOOLS/Synopsys/siliconsmart_vL-2016.03/bin:/home/qst/milkyway/bin:/home/qst/icctools/bin:/home/EDA/EDA_TOOLS/Synopsys/Verdi2015/bin:/home/EDA/EDA_TOOLS/Synopsys/Formality2016/bin:/home/EDA/EDA_TOOLS/Synopsys/StarRC2015/bin:/home/EDA/EDA_TOOLS/Synopsys/StarRC2015/amd64/bin:/home/EDA/EDA_TOOLS/Synopsys/PrimeTime2015/bin:/home/EDA/EDA_TOOLS/Synopsys/PrimeTime2015/amd64/bin:/home/EDA/EDA_TOOLS/Synopsys/K-2015.06-SP5-5/bin:/home/EDA/EDA_TOOLS/Synopsys/K-2015.06-SP5-5/amd64/bin:/home/EDA/EDA_TOOLS/Synopsys/VCS2014/bin:/home/EDA/EDA_TOOLS/laker2015/laker2015.12/bin:/home/EDA/EDA_TOOLS/Synopsys/Hspice2016/hsimplus/bin:/home/EDA/EDA_TOOLS/Synopsys/Hspice2016/ns_nanosim/bin:/home/EDA/EDA_TOOLS/Synopsys/Hspice2016/hspice/bin:/home/EDA/EDA_TOOLS/Cadence/ius/ius82/tools/systemc/gcc/install/tools/bin:/home/EDA/EDA_TOOLS/Cadence/ius/ius82/tools/bin:/home/EDA/EDA_TOOLS/Cadence/MMSIM15.10.548/tools/spectre/bin:/home/EDA/EDA_TOOLS/Cadence/MMSIM15.10.548/tools/bin:/home/EDA/EDA_TOOLS/Cadence/IC617/tools/dracula/bin:/home/EDA/EDA_TOOLS/Cadence/IC617/bin:/home/EDA/EDA_TOOLS/Cadence/IC617/tools/bin:/home/EDA/EDA_TOOLS/Mentor/ixl_cal_2016.2_26.21/aoi_cal_2016.2_26.21/bin:/home/EDA/EDA_TOOLS/Mentor/tessent/bin:/usr/lib64/qt-3.3/bin:/home/qst/perl5/bin:/usr/local/bin:/usr/bin:/usr/local/sbin:/usr/sbin
LM_LICENSE_FILE=5288@192.168.1.101
cds_path=/home/EDA/EDA_TOOLS/Cadence
CDS_ROOT=/home/EDA/EDA_TOOLS/Cadence/IC617
QT_GRAPHICSSYSTEM_CHECKED=1
mmsim_path=/home/EDA/EDA_TOOLS/Cadence/MMSIM15.10.548
SSH_TTY=/dev/pts/0
XDG_RUNTIME_DIR=/run/user/1000
mgc_s=qstr@cad01
VENDOR=unknown
GCC_HOME=/home/EDA/EDA_TOOLS/Cadence/ius/ius82/tools/systemc/gcc/install
ICC_HOME=/home/qst/icctools
TESSENT_HOME=/home/EDA/EDA_TOOLS/Mentor/tessent
MMSIM_HOME=/home/EDA/EDA_TOOLS/Cadence/MMSIM15.10.548
CDS_AUTO_64BIT=ALL
LS_COLORS=rs=0:di=38;5;27:ln=38;5;51:mh=44;38;5;15:pi=40;38;5;11:so=38;5;13:do=38;5;5:bd=48;5;232;38;5;11:cd=48;5;232;38;5;3:or=48;5;232;38;5;9:mi=05;48;5;232;38;5;15:su=48;5;196;38;5;15:sg=48;5;11;38;5;16:ca=48;5;196;38;5;226:tw=48;5;10;38;5;16:ow=48;5;10;38;5;21:st=48;5;21;38;5;15:ex=38;5;34:*.tar=38;5;9:*.tgz=38;5;9:*.arc=38;5;9:*.arj=38;5;9:*.taz=38;5;9:*.lha=38;5;9:*.lz4=38;5;9:*.lzh=38;5;9:*.lzma=38;5;9:*.tlz=38;5;9:*.txz=38;5;9:*.tzo=38;5;9:*.t7z=38;5;9:*.zip=38;5;9:*.z=38;5;9:*.Z=38;5;9:*.dz=38;5;9:*.gz=38;5;9:*.lrz=38;5;9:*.lz=38;5;9:*.lzo=38;5;9:*.xz=38;5;9:*.bz2=38;5;9:*.bz=38;5;9:*.tbz=38;5;9:*.tbz2=38;5;9:*.tz=38;5;9:*.deb=38;5;9:*.rpm=38;5;9:*.jar=38;5;9:*.war=38;5;9:*.ear=38;5;9:*.sar=38;5;9:*.rar=38;5;9:*.alz=38;5;9:*.ace=38;5;9:*.zoo=38;5;9:*.cpio=38;5;9:*.7z=38;5;9:*.rz=38;5;9:*.cab=38;5;9:*.jpg=38;5;13:*.jpeg=38;5;13:*.gif=38;5;13:*.bmp=38;5;13:*.pbm=38;5;13:*.pgm=38;5;13:*.ppm=38;5;13:*.tga=38;5;13:*.xbm=38;5;13:*.xpm=38;5;13:*.tif=38;5;13:*.tiff=38;5;13:*.png=38;5;13:*.svg=38;5;13:*.svgz=38;5;13:*.mng=38;5;13:*.pcx=38;5;13:*.mov=38;5;13:*.mpg=38;5;13:*.mpeg=38;5;13:*.m2v=38;5;13:*.mkv=38;5;13:*.webm=38;5;13:*.ogm=38;5;13:*.mp4=38;5;13:*.m4v=38;5;13:*.mp4v=38;5;13:*.vob=38;5;13:*.qt=38;5;13:*.nuv=38;5;13:*.wmv=38;5;13:*.asf=38;5;13:*.rm=38;5;13:*.rmvb=38;5;13:*.flc=38;5;13:*.avi=38;5;13:*.fli=38;5;13:*.flv=38;5;13:*.gl=38;5;13:*.dl=38;5;13:*.xcf=38;5;13:*.xwd=38;5;13:*.yuv=38;5;13:*.cgm=38;5;13:*.emf=38;5;13:*.axv=38;5;13:*.anx=38;5;13:*.ogv=38;5;13:*.ogx=38;5;13:*.aac=38;5;45:*.au=38;5;45:*.flac=38;5;45:*.mid=38;5;45:*.midi=38;5;45:*.mka=38;5;45:*.mp3=38;5;45:*.mpc=38;5;45:*.ogg=38;5;45:*.ra=38;5;45:*.wav=38;5;45:*.axa=38;5;45:*.oga=38;5;45:*.spx=38;5;45:*.xspf=38;5;45:
PERL_HOMEDIR=1
OA_HOME=/home/EDA/EDA_TOOLS/Cadence/IC617/oa_v22.50.043
KDEDIRS=/usr
DISPLAY=localhost:10.0
MGC_HOME=/home/EDA/EDA_TOOLS/Mentor/ixl_cal_2016.2_26.21/aoi_cal_2016.2_26.21
HOME=/home/qst
VCS_HOME=/home/EDA/EDA_TOOLS/Synopsys/VCS2014
PWD=/home/qst/workspace2021/aes/vcs_afterpr
syn_path=/home/EDA/EDA_TOOLS/Synopsys
CALIBRE_HOME=/home/EDA/EDA_TOOLS/Mentor/ixl_cal_2016.2_26.21/aoi_cal_2016.2_26.21
MGLS_LICENSE_FILE=/home/EDA/EDA_TOOLS/license/cal_license.dat
PT_HOME=/home/EDA/EDA_TOOLS/Synopsys/PrimeTime2015
LD_LIBRARY_PATH=/home/EDA/EDA_TOOLS/Synopsys/Verdi2015/share/PLI/VCS/LINUX64
mentor_path=/home/EDA/EDA_TOOLS/Mentor
PERL_LOCAL_LIB_ROOT=/home/qst/perl5
PERL5LIB=/home/qst/perl5/lib/perl5
LOGNAME=qst
VCS_CC=gcc
CDS_LIC_FILE=/home/EDA/EDA_TOOLS/license/license.dat
HOSTNAME=cad09
Inst_Laker_Dir=/home/EDA/EDA_TOOLS/laker2015/laker2015.12
OSTYPE=linux
VCS_ARCH_OVERRIDE=linux
SHLVL=1
ICC2_HOME=/home/EDA/EDA_TOOLS/Synopsys/icc2_vM-2016.12-SP5
XDG_SESSION_ID=384
USER=qst
CDSDIR=/home/EDA/EDA_TOOLS/Cadence/IC617
QTLIB=/usr/lib64/qt-3.3/lib
REMOTEHOST=10.9.20.146
Laker_TCL_L3=1
CDS_LOAD_ENV=CSF
SYNOPSYS_LC_ROOT=/home/EDA/EDA_TOOLS/Synopsys/M-2016.12
HSIM_WAIT_LICENSE=1
eda_path=/home/EDA/EDA_TOOLS
MAKEFLAGS=
MFLAGS=
SSH_CLIENT=10.9.20.146 57548 22
MAIL=/var/spool/mail/qst
lic_path=/home/EDA/EDA_TOOLS/license
DC_HOME=/home/EDA/EDA_TOOLS/Synopsys/K-2015.06-SP5-5
HSM_HOME=/home/EDA/EDA_TOOLS/Synopsys/Hspice2016
OPENWINHOME=/usr/lib/X11
Laker_path=/home/EDA/EDA_TOOLS/laker2015/laker2015.12/bin
LC_HOME=/home/EDA/EDA_TOOLS/Synopsys/M-2016.12
TURBO_ETC_DIR=/home/EDA/EDA_TOOLS/script/menu
PERL_MB_OPT=--install_base /home/qst/perl5
NOVAS_HOME=/home/EDA/EDA_TOOLS/Synopsys/Verdi2015
MW_HOME=/home/qst/milkyway
SS_HOME=/home/EDA/EDA_TOOLS/Synopsys/siliconsmart_vL-2016.03
Laker_TCL_ToolBox=1
HOSTTYPE=x86_64-linux
HSIM_64=1
META_QUEUE=1
GROUP=qst
CDS_Netlisting_Mode=Analog
CDS_INST_DIR=/home/EDA/EDA_TOOLS/Cadence/IC617
QTINC=/usr/lib64/qt-3.3/include
QTDIR=/usr/lib64/qt-3.3
LANG=zh_CN.UTF-8
TERM=xterm-256color
HOST=cad09
CDS_INSTALL_DIR=/home/EDA/EDA_TOOLS/Cadence/tools/dfII
MAKELEVEL=1
VCS_PATHMAP_PRELOAD_DONE=1
LC_ALL=C
DVE_SIM_SELECT_LOOP=on
Runtime command line arguments:
argv[0]=./aestop
argv[1]=-l
argv[2]=simv.log
argv[3]=-gui
195 profile - 100
          CPU/Mem usage: 0.030 sys,  0.120 user,  331.43M sys,  0.00M vm
196 VC callback profile - scalar:0 vector:0
197 Sat May 21 09:17:37 2022
198 pliAppInit
199 *Verdi3* : Enable Parallel Dumping.
200 [MHPI_DL_ERROR]./aestop: undefined symbol: mhpi_skipFileReset
201 [MHPI_DL_ERROR]./aestop: undefined symbol: mhpi_addCheckpointFileCB
202 pliAppMiscSet: New Sim Round
203 pliEntryInit
204 LIBSSCORE=found /home/EDA/EDA_TOOLS/Synopsys/Verdi2015/share/PLI/VCS/LINUX64/libsscore_vcs201403.so through $LD_LIBRARY_PATH setting.
205 FSDB Dumper for VCS, Release Verdi3_K-2015.09-SP1-1, Linux x86_64/64bit, 01/21/2016
206 (C) 1996 - 2016 by Synopsys, Inc.
207 sps_call_fsdbDumpfile at 0 : aestop_tb2.v(140)
208 argv[0]: aestop.fsdb
209 *Verdi3* FSDB WARNING: The FSDB file already exists. Overwriting the FSDB file may crash the programs that are using this file.
210 *Verdi3* : Create FSDB file 'aestop.fsdb'
211 sps_call_fsdbDumpvars at 0 : aestop_tb2.v(141)
212 *Verdi3* : Begin traversing the scopes, layer (0).
213 Cell instance `aestop_tb2.aestop.cryptdap.sbox_mux4.U66'.
214 *Verdi3* : End of traversing.
215 fsdbDumpvars traverse var: profile - 
          CPU/Mem usage: 0.070 sys,  1.630 user,  550.33M sys,  0.00M vm
                   incr: 0.020 sys,  1.330 user,  49.14M sys,  0.00M vm
                   accu: 0.020 sys,  1.330 user,  49.14M sys,  0.00M vm
              accu incr: 0.020 sys,  1.330 user,  49.14M sys,  0.00M vm

          Count usage: 231212 var,  150962 idcode,  150962 callback
                 incr: 231212 var,  150962 idcode,  150962 callback
                 accu: 231212 var,  150962 idcode,  150962 callback
            accu incr: 231212 var,  150962 idcode,  150962 callback
216 VC callback profile - scalar:0 vector:0
217 Sat May 21 09:18:27 2022
218 fsdbDumpvars: profile - 
          CPU/Mem usage: 0.070 sys,  2.290 user,  558.19M sys,  0.00M vm
                   incr: 0.000 sys,  0.660 user,  7.86M sys,  0.00M vm
                   accu: 0.020 sys,  1.990 user,  57.00M sys,  0.00M vm
              accu incr: 0.000 sys,  0.660 user,  7.86M sys,  0.00M vm

          Count usage: 231212 var,  150962 idcode,  150962 callback
                 incr: 0 var,  0 idcode,  0 callback
                 accu: 231212 var,  150962 idcode,  150962 callback
            accu incr: 0 var,  0 idcode,  0 callback
219 VC callback profile - scalar:231111 vector:101
220 Sat May 21 09:18:28 2022
221 End of simulation at 1182000
222 VC callback profile - scalar:232203 vector:197
223 Sat May 21 09:18:28 2022
224 Parallel profile    -  Flush:3 ProduceWait:0 ConsumerWait:0 BlockUsed:0
225                        ProduceTime:2.795786477 ConsumerTime:0.000000000
226 SimExit
227 Sim process exit
