Chronologic VCS simulator copyright 1991-2014
Contains Synopsys proprietary information.
Compiler version I-2014.03_Full64; Runtime version I-2014.03_Full64;  May 21 09:16 2022
Doing SDF annotation ...... Done
*Verdi3* Loading libsscore_vcs201403.so
*Verdi3* : Enable Parallel Dumping.
VCD+ Writer I-2014.03_Full64 Copyright (c) 1991-2014 by Synopsys Inc.
FSDB Dumper for VCS, Release Verdi3_K-2015.09-SP1-1, Linux x86_64/64bit, 01/21/2016
(C) 1996 - 2016 by Synopsys, Inc.
*Verdi3* FSDB WARNING: The FSDB file already exists. Overwriting the FSDB file may crash the programs that are using this file.
*Verdi3* : Create FSDB file 'aestop.fsdb'
*Verdi3* : Begin traversing the scopes, layer (0).
*Verdi3* : End of traversing.
$finish called from file "aestop_tb2.v", line 137.
$finish at simulation time              1182000
Simulation complete, time is 1182000 ps.
           V C S   S i m u l a t i o n   R e p o r t 
Time: 1182000 ps
CPU Time:      2.690 seconds;       Data structure size:  17.5Mb
Sat May 21 09:18:29 2022
